{"/Users/arthur/Projects/english-listening-trainer/app/page.tsx": {"path":"/Users/arthur/Projects/english-listening-trainer/app/page.tsx","all":false,"statementMap":{"7":{"start":{"line":8,"column":0},"end":{"line":8,"column":56}},"8":{"start":{"line":9,"column":0},"end":{"line":9,"column":47}},"9":{"start":{"line":10,"column":0},"end":{"line":10,"column":74}},"10":{"start":{"line":11,"column":0},"end":{"line":11,"column":72}},"12":{"start":{"line":13,"column":0},"end":{"line":13,"column":36}},"13":{"start":{"line":14,"column":0},"end":{"line":14,"column":53}},"14":{"start":{"line":15,"column":0},"end":{"line":15,"column":34}},"15":{"start":{"line":16,"column":0},"end":{"line":16,"column":9}},"16":{"start":{"line":17,"column":0},"end":{"line":17,"column":20}},"17":{"start":{"line":18,"column":0},"end":{"line":18,"column":14}},"18":{"start":{"line":19,"column":0},"end":{"line":19,"column":19}},"19":{"start":{"line":20,"column":0},"end":{"line":20,"column":15}},"20":{"start":{"line":21,"column":0},"end":{"line":21,"column":22}},"21":{"start":{"line":22,"column":0},"end":{"line":22,"column":9}},"22":{"start":{"line":23,"column":0},"end":{"line":23,"column":28}},"23":{"start":{"line":24,"column":0},"end":{"line":24,"column":24}},"24":{"start":{"line":25,"column":0},"end":{"line":25,"column":25}},"25":{"start":{"line":26,"column":0},"end":{"line":26,"column":15}},"28":{"start":{"line":29,"column":0},"end":{"line":29,"column":19}},"29":{"start":{"line":30,"column":0},"end":{"line":30,"column":23}},"30":{"start":{"line":31,"column":0},"end":{"line":31,"column":8}},"32":{"start":{"line":33,"column":0},"end":{"line":33,"column":54}},"33":{"start":{"line":34,"column":0},"end":{"line":34,"column":48}},"34":{"start":{"line":35,"column":0},"end":{"line":35,"column":46}},"35":{"start":{"line":36,"column":0},"end":{"line":36,"column":6}},"36":{"start":{"line":37,"column":0},"end":{"line":37,"column":29}},"37":{"start":{"line":38,"column":0},"end":{"line":38,"column":3}},"39":{"start":{"line":40,"column":0},"end":{"line":40,"column":10}},"40":{"start":{"line":41,"column":0},"end":{"line":41,"column":23}},"41":{"start":{"line":42,"column":0},"end":{"line":42,"column":27}},"42":{"start":{"line":43,"column":0},"end":{"line":43,"column":29}},"43":{"start":{"line":44,"column":0},"end":{"line":44,"column":39}},"44":{"start":{"line":45,"column":0},"end":{"line":45,"column":37}},"45":{"start":{"line":46,"column":0},"end":{"line":46,"column":29}},"46":{"start":{"line":47,"column":0},"end":{"line":47,"column":43}},"47":{"start":{"line":48,"column":0},"end":{"line":48,"column":17}},"48":{"start":{"line":49,"column":0},"end":{"line":49,"column":59}},"49":{"start":{"line":50,"column":0},"end":{"line":50,"column":43}},"50":{"start":{"line":51,"column":0},"end":{"line":51,"column":45}},"53":{"start":{"line":54,"column":0},"end":{"line":54,"column":39}},"54":{"start":{"line":55,"column":0},"end":{"line":55,"column":25}},"56":{"start":{"line":57,"column":0},"end":{"line":57,"column":1}},"58":{"start":{"line":59,"column":0},"end":{"line":59,"column":33}}},"s":{"7":1,"8":1,"9":1,"10":1,"12":2,"13":2,"14":2,"15":2,"16":2,"17":2,"18":2,"19":2,"20":2,"21":2,"22":2,"23":2,"24":2,"25":2,"28":2,"29":1,"30":2,"32":2,"33":2,"34":0,"35":0,"36":2,"37":2,"39":2,"40":2,"41":2,"42":2,"43":2,"44":2,"45":2,"46":2,"47":2,"48":2,"49":2,"50":2,"53":2,"54":2,"56":2,"58":1},"branchMap":{"0":{"type":"branch","line":13,"loc":{"start":{"line":13,"column":0},"end":{"line":57,"column":1}},"locations":[{"start":{"line":13,"column":0},"end":{"line":57,"column":1}}]},"1":{"type":"branch","line":29,"loc":{"start":{"line":29,"column":12},"end":{"line":31,"column":5}},"locations":[{"start":{"line":29,"column":12},"end":{"line":31,"column":5}}]}},"b":{"0":[2],"1":[1]},"fnMap":{"0":{"name":"HomePage","decl":{"start":{"line":13,"column":0},"end":{"line":57,"column":1}},"loc":{"start":{"line":13,"column":0},"end":{"line":57,"column":1}},"line":13}},"f":{"0":2}}
,"/Users/arthur/Projects/english-listening-trainer/app/admin/page.tsx": {"path":"/Users/arthur/Projects/english-listening-trainer/app/admin/page.tsx","all":false,"statementMap":{"2":{"start":{"line":3,"column":0},"end":{"line":3,"column":33}},"3":{"start":{"line":4,"column":0},"end":{"line":4,"column":43}},"4":{"start":{"line":5,"column":0},"end":{"line":5,"column":47}},"5":{"start":{"line":6,"column":0},"end":{"line":6,"column":45}},"6":{"start":{"line":7,"column":0},"end":{"line":7,"column":79}},"7":{"start":{"line":8,"column":0},"end":{"line":8,"column":101}},"8":{"start":{"line":9,"column":0},"end":{"line":9,"column":77}},"9":{"start":{"line":10,"column":0},"end":{"line":10,"column":49}},"10":{"start":{"line":11,"column":0},"end":{"line":11,"column":59}},"11":{"start":{"line":12,"column":0},"end":{"line":12,"column":118}},"14":{"start":{"line":15,"column":0},"end":{"line":15,"column":41}},"15":{"start":{"line":16,"column":0},"end":{"line":16,"column":53}},"16":{"start":{"line":17,"column":0},"end":{"line":17,"column":1}},"18":{"start":{"line":19,"column":0},"end":{"line":19,"column":50}},"19":{"start":{"line":20,"column":0},"end":{"line":20,"column":37}},"20":{"start":{"line":21,"column":0},"end":{"line":21,"column":42}},"21":{"start":{"line":22,"column":0},"end":{"line":22,"column":1}},"23":{"start":{"line":24,"column":0},"end":{"line":24,"column":39}},"24":{"start":{"line":25,"column":0},"end":{"line":25,"column":39}},"25":{"start":{"line":26,"column":0},"end":{"line":26,"column":1}},"27":{"start":{"line":28,"column":0},"end":{"line":28,"column":60}},"28":{"start":{"line":29,"column":0},"end":{"line":29,"column":22}},"29":{"start":{"line":30,"column":0},"end":{"line":30,"column":79}},"30":{"start":{"line":31,"column":0},"end":{"line":31,"column":39}},"31":{"start":{"line":32,"column":0},"end":{"line":32,"column":42}},"32":{"start":{"line":33,"column":0},"end":{"line":33,"column":17}},"33":{"start":{"line":34,"column":0},"end":{"line":34,"column":26}},"34":{"start":{"line":35,"column":0},"end":{"line":35,"column":33}},"35":{"start":{"line":36,"column":0},"end":{"line":36,"column":14}},"36":{"start":{"line":37,"column":0},"end":{"line":37,"column":33}},"37":{"start":{"line":38,"column":0},"end":{"line":38,"column":26}},"38":{"start":{"line":39,"column":0},"end":{"line":39,"column":1}},"40":{"start":{"line":41,"column":0},"end":{"line":41,"column":63}},"41":{"start":{"line":42,"column":0},"end":{"line":42,"column":17}},"42":{"start":{"line":43,"column":0},"end":{"line":43,"column":108}},"43":{"start":{"line":44,"column":0},"end":{"line":44,"column":114}},"44":{"start":{"line":45,"column":0},"end":{"line":45,"column":117}},"45":{"start":{"line":46,"column":0},"end":{"line":46,"column":123}},"46":{"start":{"line":47,"column":0},"end":{"line":47,"column":3}},"48":{"start":{"line":49,"column":0},"end":{"line":49,"column":10}},"49":{"start":{"line":50,"column":0},"end":{"line":50,"column":64}},"50":{"start":{"line":51,"column":0},"end":{"line":51,"column":28}},"51":{"start":{"line":52,"column":0},"end":{"line":52,"column":47}},"52":{"start":{"line":53,"column":0},"end":{"line":53,"column":61}},"53":{"start":{"line":54,"column":0},"end":{"line":54,"column":17}},"54":{"start":{"line":55,"column":0},"end":{"line":55,"column":67}},"55":{"start":{"line":56,"column":0},"end":{"line":56,"column":80}},"56":{"start":{"line":57,"column":0},"end":{"line":57,"column":18}},"57":{"start":{"line":58,"column":0},"end":{"line":58,"column":23}},"58":{"start":{"line":59,"column":0},"end":{"line":59,"column":16}},"59":{"start":{"line":60,"column":0},"end":{"line":60,"column":15}},"60":{"start":{"line":61,"column":0},"end":{"line":61,"column":9}},"61":{"start":{"line":62,"column":0},"end":{"line":62,"column":10}},"63":{"start":{"line":64,"column":0},"end":{"line":64,"column":1}},"65":{"start":{"line":66,"column":0},"end":{"line":66,"column":66}},"66":{"start":{"line":67,"column":0},"end":{"line":67,"column":24}},"67":{"start":{"line":68,"column":0},"end":{"line":68,"column":5}},"68":{"start":{"line":69,"column":0},"end":{"line":69,"column":20}},"69":{"start":{"line":70,"column":0},"end":{"line":70,"column":39}},"70":{"start":{"line":71,"column":0},"end":{"line":71,"column":56}},"71":{"start":{"line":72,"column":0},"end":{"line":72,"column":29}},"72":{"start":{"line":73,"column":0},"end":{"line":73,"column":6}},"73":{"start":{"line":74,"column":0},"end":{"line":74,"column":5}},"74":{"start":{"line":75,"column":0},"end":{"line":75,"column":20}},"75":{"start":{"line":76,"column":0},"end":{"line":76,"column":95}},"76":{"start":{"line":77,"column":0},"end":{"line":77,"column":62}},"77":{"start":{"line":78,"column":0},"end":{"line":78,"column":30}},"78":{"start":{"line":79,"column":0},"end":{"line":79,"column":6}},"79":{"start":{"line":80,"column":0},"end":{"line":80,"column":5}},"80":{"start":{"line":81,"column":0},"end":{"line":81,"column":22}},"81":{"start":{"line":82,"column":0},"end":{"line":82,"column":55}},"82":{"start":{"line":83,"column":0},"end":{"line":83,"column":61}},"83":{"start":{"line":84,"column":0},"end":{"line":84,"column":31}},"84":{"start":{"line":85,"column":0},"end":{"line":85,"column":6}},"85":{"start":{"line":86,"column":0},"end":{"line":86,"column":5}},"86":{"start":{"line":87,"column":0},"end":{"line":87,"column":24}},"87":{"start":{"line":88,"column":0},"end":{"line":88,"column":126}},"88":{"start":{"line":89,"column":0},"end":{"line":89,"column":63}},"89":{"start":{"line":90,"column":0},"end":{"line":90,"column":31}},"90":{"start":{"line":91,"column":0},"end":{"line":91,"column":6}},"91":{"start":{"line":92,"column":0},"end":{"line":92,"column":3}},"93":{"start":{"line":94,"column":0},"end":{"line":94,"column":21}},"94":{"start":{"line":95,"column":0},"end":{"line":95,"column":15}},"95":{"start":{"line":96,"column":0},"end":{"line":96,"column":11}},"96":{"start":{"line":97,"column":0},"end":{"line":97,"column":14}},"97":{"start":{"line":98,"column":0},"end":{"line":98,"column":11}},"98":{"start":{"line":99,"column":0},"end":{"line":99,"column":11}},"99":{"start":{"line":100,"column":0},"end":{"line":100,"column":13}},"100":{"start":{"line":101,"column":0},"end":{"line":101,"column":13}},"101":{"start":{"line":102,"column":0},"end":{"line":102,"column":13}},"102":{"start":{"line":103,"column":0},"end":{"line":103,"column":13}},"103":{"start":{"line":104,"column":0},"end":{"line":104,"column":11}},"104":{"start":{"line":105,"column":0},"end":{"line":105,"column":3}},"106":{"start":{"line":107,"column":0},"end":{"line":107,"column":23}},"107":{"start":{"line":108,"column":0},"end":{"line":108,"column":72}},"108":{"start":{"line":109,"column":0},"end":{"line":109,"column":19}},"109":{"start":{"line":110,"column":0},"end":{"line":110,"column":38}},"110":{"start":{"line":111,"column":0},"end":{"line":111,"column":35}},"111":{"start":{"line":112,"column":0},"end":{"line":112,"column":22}},"112":{"start":{"line":113,"column":0},"end":{"line":113,"column":26}},"113":{"start":{"line":114,"column":0},"end":{"line":114,"column":36}},"114":{"start":{"line":115,"column":0},"end":{"line":115,"column":32}},"115":{"start":{"line":116,"column":0},"end":{"line":116,"column":26}},"116":{"start":{"line":117,"column":0},"end":{"line":117,"column":25}},"117":{"start":{"line":118,"column":0},"end":{"line":118,"column":44}},"118":{"start":{"line":119,"column":0},"end":{"line":119,"column":43}},"119":{"start":{"line":120,"column":0},"end":{"line":120,"column":45}},"120":{"start":{"line":121,"column":0},"end":{"line":121,"column":44}},"121":{"start":{"line":122,"column":0},"end":{"line":122,"column":35}},"122":{"start":{"line":123,"column":0},"end":{"line":123,"column":9}},"123":{"start":{"line":124,"column":0},"end":{"line":124,"column":41}},"124":{"start":{"line":125,"column":0},"end":{"line":125,"column":9}},"125":{"start":{"line":126,"column":0},"end":{"line":126,"column":5}},"126":{"start":{"line":127,"column":0},"end":{"line":127,"column":27}},"127":{"start":{"line":128,"column":0},"end":{"line":128,"column":3}},"129":{"start":{"line":130,"column":0},"end":{"line":130,"column":10}},"130":{"start":{"line":131,"column":0},"end":{"line":131,"column":31}},"131":{"start":{"line":132,"column":0},"end":{"line":132,"column":67}},"132":{"start":{"line":133,"column":0},"end":{"line":133,"column":35}},"133":{"start":{"line":134,"column":0},"end":{"line":134,"column":51}},"134":{"start":{"line":135,"column":0},"end":{"line":135,"column":61}},"135":{"start":{"line":136,"column":0},"end":{"line":136,"column":41}},"136":{"start":{"line":137,"column":0},"end":{"line":137,"column":81}},"138":{"start":{"line":139,"column":0},"end":{"line":139,"column":22}},"140":{"start":{"line":141,"column":0},"end":{"line":141,"column":16}},"141":{"start":{"line":142,"column":0},"end":{"line":142,"column":69}},"142":{"start":{"line":143,"column":0},"end":{"line":143,"column":14}},"143":{"start":{"line":144,"column":0},"end":{"line":144,"column":36}},"144":{"start":{"line":145,"column":0},"end":{"line":145,"column":17}},"145":{"start":{"line":146,"column":0},"end":{"line":146,"column":29}},"146":{"start":{"line":147,"column":0},"end":{"line":147,"column":21}},"147":{"start":{"line":148,"column":0},"end":{"line":148,"column":28}},"148":{"start":{"line":149,"column":0},"end":{"line":149,"column":90}},"149":{"start":{"line":150,"column":0},"end":{"line":150,"column":68}},"150":{"start":{"line":151,"column":0},"end":{"line":151,"column":14}},"151":{"start":{"line":152,"column":0},"end":{"line":152,"column":11}},"153":{"start":{"line":154,"column":0},"end":{"line":154,"column":19}},"154":{"start":{"line":155,"column":0},"end":{"line":155,"column":14}},"155":{"start":{"line":156,"column":0},"end":{"line":156,"column":13}},"157":{"start":{"line":158,"column":0},"end":{"line":158,"column":61}},"158":{"start":{"line":159,"column":0},"end":{"line":159,"column":37}},"159":{"start":{"line":160,"column":0},"end":{"line":160,"column":49}},"160":{"start":{"line":161,"column":0},"end":{"line":161,"column":63}},"161":{"start":{"line":162,"column":0},"end":{"line":162,"column":19}},"162":{"start":{"line":163,"column":0},"end":{"line":163,"column":69}},"163":{"start":{"line":164,"column":0},"end":{"line":164,"column":82}},"164":{"start":{"line":165,"column":0},"end":{"line":165,"column":20}},"165":{"start":{"line":166,"column":0},"end":{"line":166,"column":25}},"166":{"start":{"line":167,"column":0},"end":{"line":167,"column":18}},"167":{"start":{"line":168,"column":0},"end":{"line":168,"column":17}},"168":{"start":{"line":169,"column":0},"end":{"line":169,"column":11}},"169":{"start":{"line":170,"column":0},"end":{"line":170,"column":12}},"171":{"start":{"line":172,"column":0},"end":{"line":172,"column":28}},"172":{"start":{"line":173,"column":0},"end":{"line":173,"column":41}},"173":{"start":{"line":174,"column":0},"end":{"line":174,"column":17}},"174":{"start":{"line":175,"column":0},"end":{"line":175,"column":25}},"175":{"start":{"line":176,"column":0},"end":{"line":176,"column":24}},"176":{"start":{"line":177,"column":0},"end":{"line":177,"column":47}},"177":{"start":{"line":178,"column":0},"end":{"line":178,"column":43}},"178":{"start":{"line":179,"column":0},"end":{"line":179,"column":44}},"179":{"start":{"line":180,"column":0},"end":{"line":180,"column":46}},"180":{"start":{"line":181,"column":0},"end":{"line":181,"column":47}},"181":{"start":{"line":182,"column":0},"end":{"line":182,"column":47}},"182":{"start":{"line":183,"column":0},"end":{"line":183,"column":41}},"183":{"start":{"line":184,"column":0},"end":{"line":184,"column":25}},"184":{"start":{"line":185,"column":0},"end":{"line":185,"column":26}},"185":{"start":{"line":186,"column":0},"end":{"line":186,"column":23}},"186":{"start":{"line":187,"column":0},"end":{"line":187,"column":41}},"187":{"start":{"line":188,"column":0},"end":{"line":188,"column":48}},"188":{"start":{"line":189,"column":0},"end":{"line":189,"column":82}},"189":{"start":{"line":190,"column":0},"end":{"line":190,"column":29}},"190":{"start":{"line":191,"column":0},"end":{"line":191,"column":72}},"191":{"start":{"line":192,"column":0},"end":{"line":192,"column":30}},"192":{"start":{"line":193,"column":0},"end":{"line":193,"column":56}},"193":{"start":{"line":194,"column":0},"end":{"line":194,"column":29}},"194":{"start":{"line":195,"column":0},"end":{"line":195,"column":47}},"195":{"start":{"line":196,"column":0},"end":{"line":196,"column":58}},"196":{"start":{"line":197,"column":0},"end":{"line":197,"column":28}},"197":{"start":{"line":198,"column":0},"end":{"line":198,"column":30}},"198":{"start":{"line":199,"column":0},"end":{"line":199,"column":29}},"199":{"start":{"line":200,"column":0},"end":{"line":200,"column":115}},"200":{"start":{"line":201,"column":0},"end":{"line":201,"column":94}},"201":{"start":{"line":202,"column":0},"end":{"line":202,"column":27}},"202":{"start":{"line":203,"column":0},"end":{"line":203,"column":30}},"203":{"start":{"line":204,"column":0},"end":{"line":204,"column":29}},"204":{"start":{"line":205,"column":0},"end":{"line":205,"column":117}},"205":{"start":{"line":206,"column":0},"end":{"line":206,"column":96}},"206":{"start":{"line":207,"column":0},"end":{"line":207,"column":27}},"207":{"start":{"line":208,"column":0},"end":{"line":208,"column":30}},"208":{"start":{"line":209,"column":0},"end":{"line":209,"column":29}},"209":{"start":{"line":210,"column":0},"end":{"line":210,"column":37}},"210":{"start":{"line":211,"column":0},"end":{"line":211,"column":87}},"212":{"start":{"line":213,"column":0},"end":{"line":213,"column":30}},"214":{"start":{"line":215,"column":0},"end":{"line":215,"column":58}},"216":{"start":{"line":217,"column":0},"end":{"line":217,"column":30}},"217":{"start":{"line":218,"column":0},"end":{"line":218,"column":27}},"218":{"start":{"line":219,"column":0},"end":{"line":219,"column":17}},"219":{"start":{"line":220,"column":0},"end":{"line":220,"column":24}},"220":{"start":{"line":221,"column":0},"end":{"line":221,"column":18}},"222":{"start":{"line":223,"column":0},"end":{"line":223,"column":40}},"223":{"start":{"line":224,"column":0},"end":{"line":224,"column":70}},"225":{"start":{"line":226,"column":0},"end":{"line":226,"column":14}},"226":{"start":{"line":227,"column":0},"end":{"line":227,"column":13}},"227":{"start":{"line":228,"column":0},"end":{"line":228,"column":10}},"229":{"start":{"line":230,"column":0},"end":{"line":230,"column":1}},"231":{"start":{"line":232,"column":0},"end":{"line":232,"column":83}},"232":{"start":{"line":233,"column":0},"end":{"line":233,"column":10}},"233":{"start":{"line":234,"column":0},"end":{"line":234,"column":26}},"234":{"start":{"line":235,"column":0},"end":{"line":235,"column":62}},"235":{"start":{"line":236,"column":0},"end":{"line":236,"column":72}},"236":{"start":{"line":237,"column":0},"end":{"line":237,"column":12}},"238":{"start":{"line":239,"column":0},"end":{"line":239,"column":39}},"239":{"start":{"line":240,"column":0},"end":{"line":240,"column":15}},"240":{"start":{"line":241,"column":0},"end":{"line":241,"column":23}},"241":{"start":{"line":242,"column":0},"end":{"line":242,"column":22}},"242":{"start":{"line":243,"column":0},"end":{"line":243,"column":39}},"243":{"start":{"line":244,"column":0},"end":{"line":244,"column":39}},"244":{"start":{"line":245,"column":0},"end":{"line":245,"column":39}},"245":{"start":{"line":246,"column":0},"end":{"line":246,"column":41}},"246":{"start":{"line":247,"column":0},"end":{"line":247,"column":41}},"247":{"start":{"line":248,"column":0},"end":{"line":248,"column":41}},"248":{"start":{"line":249,"column":0},"end":{"line":249,"column":23}},"249":{"start":{"line":250,"column":0},"end":{"line":250,"column":24}},"250":{"start":{"line":251,"column":0},"end":{"line":251,"column":21}},"251":{"start":{"line":252,"column":0},"end":{"line":252,"column":34}},"252":{"start":{"line":253,"column":0},"end":{"line":253,"column":38}},"253":{"start":{"line":254,"column":0},"end":{"line":254,"column":75}},"254":{"start":{"line":255,"column":0},"end":{"line":255,"column":57}},"255":{"start":{"line":256,"column":0},"end":{"line":256,"column":27}},"256":{"start":{"line":257,"column":0},"end":{"line":257,"column":35}},"257":{"start":{"line":258,"column":0},"end":{"line":258,"column":85}},"259":{"start":{"line":260,"column":0},"end":{"line":260,"column":28}},"261":{"start":{"line":262,"column":0},"end":{"line":262,"column":59}},"263":{"start":{"line":264,"column":0},"end":{"line":264,"column":28}},"264":{"start":{"line":265,"column":0},"end":{"line":265,"column":27}},"265":{"start":{"line":266,"column":0},"end":{"line":266,"column":87}},"266":{"start":{"line":267,"column":0},"end":{"line":267,"column":28}},"267":{"start":{"line":268,"column":0},"end":{"line":268,"column":67}},"268":{"start":{"line":269,"column":0},"end":{"line":269,"column":67}},"269":{"start":{"line":270,"column":0},"end":{"line":270,"column":25}},"270":{"start":{"line":271,"column":0},"end":{"line":271,"column":15}},"271":{"start":{"line":272,"column":0},"end":{"line":272,"column":22}},"272":{"start":{"line":273,"column":0},"end":{"line":273,"column":16}},"274":{"start":{"line":275,"column":0},"end":{"line":275,"column":44}},"275":{"start":{"line":276,"column":0},"end":{"line":276,"column":70}},"277":{"start":{"line":278,"column":0},"end":{"line":278,"column":12}},"278":{"start":{"line":279,"column":0},"end":{"line":279,"column":11}},"280":{"start":{"line":281,"column":0},"end":{"line":281,"column":1}},"282":{"start":{"line":283,"column":0},"end":{"line":283,"column":71}},"283":{"start":{"line":284,"column":0},"end":{"line":284,"column":10}},"284":{"start":{"line":285,"column":0},"end":{"line":285,"column":26}},"285":{"start":{"line":286,"column":0},"end":{"line":286,"column":60}},"286":{"start":{"line":287,"column":0},"end":{"line":287,"column":39}},"287":{"start":{"line":288,"column":0},"end":{"line":288,"column":15}},"288":{"start":{"line":289,"column":0},"end":{"line":289,"column":23}},"289":{"start":{"line":290,"column":0},"end":{"line":290,"column":22}},"290":{"start":{"line":291,"column":0},"end":{"line":291,"column":39}},"291":{"start":{"line":292,"column":0},"end":{"line":292,"column":39}},"292":{"start":{"line":293,"column":0},"end":{"line":293,"column":39}},"293":{"start":{"line":294,"column":0},"end":{"line":294,"column":39}},"294":{"start":{"line":295,"column":0},"end":{"line":295,"column":40}},"295":{"start":{"line":296,"column":0},"end":{"line":296,"column":39}},"296":{"start":{"line":297,"column":0},"end":{"line":297,"column":39}},"297":{"start":{"line":298,"column":0},"end":{"line":298,"column":41}},"298":{"start":{"line":299,"column":0},"end":{"line":299,"column":23}},"299":{"start":{"line":300,"column":0},"end":{"line":300,"column":24}},"300":{"start":{"line":301,"column":0},"end":{"line":301,"column":21}},"301":{"start":{"line":302,"column":0},"end":{"line":302,"column":40}},"302":{"start":{"line":303,"column":0},"end":{"line":303,"column":41}},"303":{"start":{"line":304,"column":0},"end":{"line":304,"column":27}},"304":{"start":{"line":305,"column":0},"end":{"line":305,"column":23}},"305":{"start":{"line":306,"column":0},"end":{"line":306,"column":96}},"306":{"start":{"line":307,"column":0},"end":{"line":307,"column":108}},"307":{"start":{"line":308,"column":0},"end":{"line":308,"column":24}},"308":{"start":{"line":309,"column":0},"end":{"line":309,"column":28}},"309":{"start":{"line":310,"column":0},"end":{"line":310,"column":27}},"310":{"start":{"line":311,"column":0},"end":{"line":311,"column":71}},"311":{"start":{"line":312,"column":0},"end":{"line":312,"column":28}},"312":{"start":{"line":313,"column":0},"end":{"line":313,"column":89}},"313":{"start":{"line":314,"column":0},"end":{"line":314,"column":57}},"314":{"start":{"line":315,"column":0},"end":{"line":315,"column":27}},"315":{"start":{"line":316,"column":0},"end":{"line":316,"column":48}},"316":{"start":{"line":317,"column":0},"end":{"line":317,"column":26}},"317":{"start":{"line":318,"column":0},"end":{"line":318,"column":123}},"319":{"start":{"line":320,"column":0},"end":{"line":320,"column":56}},"320":{"start":{"line":321,"column":0},"end":{"line":321,"column":28}},"322":{"start":{"line":323,"column":0},"end":{"line":323,"column":62}},"324":{"start":{"line":325,"column":0},"end":{"line":325,"column":28}},"325":{"start":{"line":326,"column":0},"end":{"line":326,"column":163}},"326":{"start":{"line":327,"column":0},"end":{"line":327,"column":27}},"327":{"start":{"line":328,"column":0},"end":{"line":328,"column":143}},"328":{"start":{"line":329,"column":0},"end":{"line":329,"column":28}},"329":{"start":{"line":330,"column":0},"end":{"line":330,"column":70}},"330":{"start":{"line":331,"column":0},"end":{"line":331,"column":25}},"331":{"start":{"line":332,"column":0},"end":{"line":332,"column":15}},"332":{"start":{"line":333,"column":0},"end":{"line":333,"column":22}},"333":{"start":{"line":334,"column":0},"end":{"line":334,"column":16}},"335":{"start":{"line":336,"column":0},"end":{"line":336,"column":95}},"336":{"start":{"line":337,"column":0},"end":{"line":337,"column":12}},"337":{"start":{"line":338,"column":0},"end":{"line":338,"column":11}},"339":{"start":{"line":340,"column":0},"end":{"line":340,"column":1}},"341":{"start":{"line":342,"column":0},"end":{"line":342,"column":37}},"342":{"start":{"line":343,"column":0},"end":{"line":343,"column":34}},"343":{"start":{"line":344,"column":0},"end":{"line":344,"column":34}},"345":{"start":{"line":346,"column":0},"end":{"line":346,"column":19}},"346":{"start":{"line":347,"column":0},"end":{"line":347,"column":36}},"347":{"start":{"line":348,"column":0},"end":{"line":348,"column":29}},"348":{"start":{"line":349,"column":0},"end":{"line":349,"column":5}},"349":{"start":{"line":350,"column":0},"end":{"line":350,"column":56}},"351":{"start":{"line":352,"column":0},"end":{"line":352,"column":26}},"352":{"start":{"line":353,"column":0},"end":{"line":353,"column":12}},"353":{"start":{"line":354,"column":0},"end":{"line":354,"column":114}},"354":{"start":{"line":355,"column":0},"end":{"line":355,"column":58}},"355":{"start":{"line":356,"column":0},"end":{"line":356,"column":107}},"356":{"start":{"line":357,"column":0},"end":{"line":357,"column":55}},"357":{"start":{"line":358,"column":0},"end":{"line":358,"column":15}},"358":{"start":{"line":359,"column":0},"end":{"line":359,"column":12}},"360":{"start":{"line":361,"column":0},"end":{"line":361,"column":3}},"362":{"start":{"line":363,"column":0},"end":{"line":363,"column":35}},"363":{"start":{"line":364,"column":0},"end":{"line":364,"column":12}},"364":{"start":{"line":365,"column":0},"end":{"line":365,"column":114}},"365":{"start":{"line":366,"column":0},"end":{"line":366,"column":46}},"366":{"start":{"line":367,"column":0},"end":{"line":367,"column":44}},"367":{"start":{"line":368,"column":0},"end":{"line":368,"column":70}},"368":{"start":{"line":369,"column":0},"end":{"line":369,"column":70}},"369":{"start":{"line":370,"column":0},"end":{"line":370,"column":64}},"370":{"start":{"line":371,"column":0},"end":{"line":371,"column":16}},"372":{"start":{"line":373,"column":0},"end":{"line":373,"column":82}},"374":{"start":{"line":375,"column":0},"end":{"line":375,"column":19}},"375":{"start":{"line":376,"column":0},"end":{"line":376,"column":15}},"376":{"start":{"line":377,"column":0},"end":{"line":377,"column":19}},"377":{"start":{"line":378,"column":0},"end":{"line":378,"column":12}},"379":{"start":{"line":380,"column":0},"end":{"line":380,"column":3}},"381":{"start":{"line":382,"column":0},"end":{"line":382,"column":10}},"382":{"start":{"line":383,"column":0},"end":{"line":383,"column":83}},"383":{"start":{"line":384,"column":0},"end":{"line":384,"column":41}},"384":{"start":{"line":385,"column":0},"end":{"line":385,"column":64}},"385":{"start":{"line":386,"column":0},"end":{"line":386,"column":15}},"386":{"start":{"line":387,"column":0},"end":{"line":387,"column":85}},"387":{"start":{"line":388,"column":0},"end":{"line":388,"column":58}},"389":{"start":{"line":390,"column":0},"end":{"line":390,"column":17}},"390":{"start":{"line":391,"column":0},"end":{"line":391,"column":114}},"391":{"start":{"line":392,"column":0},"end":{"line":392,"column":16}},"392":{"start":{"line":393,"column":0},"end":{"line":393,"column":69}},"394":{"start":{"line":395,"column":0},"end":{"line":395,"column":19}},"395":{"start":{"line":396,"column":0},"end":{"line":396,"column":14}},"397":{"start":{"line":398,"column":0},"end":{"line":398,"column":66}},"399":{"start":{"line":400,"column":0},"end":{"line":400,"column":57}},"400":{"start":{"line":401,"column":0},"end":{"line":401,"column":56}},"401":{"start":{"line":402,"column":0},"end":{"line":402,"column":57}},"402":{"start":{"line":403,"column":0},"end":{"line":403,"column":60}},"403":{"start":{"line":404,"column":0},"end":{"line":404,"column":58}},"404":{"start":{"line":405,"column":0},"end":{"line":405,"column":21}},"406":{"start":{"line":407,"column":0},"end":{"line":407,"column":59}},"407":{"start":{"line":408,"column":0},"end":{"line":408,"column":51}},"408":{"start":{"line":409,"column":0},"end":{"line":409,"column":21}},"409":{"start":{"line":410,"column":0},"end":{"line":410,"column":33}},"410":{"start":{"line":411,"column":0},"end":{"line":411,"column":25}},"411":{"start":{"line":412,"column":0},"end":{"line":412,"column":47}},"412":{"start":{"line":413,"column":0},"end":{"line":413,"column":51}},"413":{"start":{"line":414,"column":0},"end":{"line":414,"column":44}},"415":{"start":{"line":416,"column":0},"end":{"line":416,"column":94}},"417":{"start":{"line":418,"column":0},"end":{"line":418,"column":23}},"418":{"start":{"line":419,"column":0},"end":{"line":419,"column":19}},"419":{"start":{"line":420,"column":0},"end":{"line":420,"column":78}},"420":{"start":{"line":421,"column":0},"end":{"line":421,"column":24}},"422":{"start":{"line":423,"column":0},"end":{"line":423,"column":62}},"423":{"start":{"line":424,"column":0},"end":{"line":424,"column":65}},"424":{"start":{"line":425,"column":0},"end":{"line":425,"column":24}},"426":{"start":{"line":427,"column":0},"end":{"line":427,"column":60}},"427":{"start":{"line":428,"column":0},"end":{"line":428,"column":39}},"428":{"start":{"line":429,"column":0},"end":{"line":429,"column":67}},"430":{"start":{"line":431,"column":0},"end":{"line":431,"column":80}},"432":{"start":{"line":433,"column":0},"end":{"line":433,"column":24}},"433":{"start":{"line":434,"column":0},"end":{"line":434,"column":15}},"434":{"start":{"line":435,"column":0},"end":{"line":435,"column":12}},"435":{"start":{"line":436,"column":0},"end":{"line":436,"column":17}},"436":{"start":{"line":437,"column":0},"end":{"line":437,"column":10}},"438":{"start":{"line":439,"column":0},"end":{"line":439,"column":1}}},"s":{"2":1,"3":1,"4":1,"5":1,"6":1,"7":1,"8":1,"9":1,"10":1,"11":1,"14":3,"15":3,"16":3,"18":1,"19":1,"20":1,"21":1,"23":7,"24":7,"25":7,"27":0,"28":0,"29":0,"30":0,"31":0,"32":0,"33":0,"34":0,"35":0,"36":0,"37":0,"38":0,"40":1,"41":1,"42":1,"43":1,"44":1,"45":1,"46":1,"48":1,"49":1,"50":1,"51":4,"52":4,"53":4,"54":4,"55":4,"56":4,"57":4,"58":4,"59":4,"60":1,"61":1,"63":1,"65":1,"66":1,"67":1,"68":1,"69":1,"70":1,"71":1,"72":1,"73":1,"74":1,"75":1,"76":1,"77":1,"78":1,"79":1,"80":1,"81":1,"82":1,"83":1,"84":1,"85":1,"86":1,"87":1,"88":1,"89":1,"90":1,"91":1,"93":1,"94":1,"95":1,"96":1,"97":1,"98":1,"99":1,"100":1,"101":1,"102":1,"103":1,"104":1,"106":1,"107":0,"108":0,"109":0,"110":0,"111":0,"112":0,"113":0,"114":0,"115":0,"116":0,"117":0,"118":0,"119":0,"120":0,"121":0,"122":0,"123":0,"124":0,"125":0,"126":0,"127":0,"129":1,"130":1,"131":1,"132":1,"133":1,"134":1,"135":1,"136":1,"138":1,"140":1,"141":1,"142":1,"143":1,"144":1,"145":1,"146":1,"147":1,"148":0,"149":0,"150":0,"151":1,"153":1,"154":1,"155":1,"157":1,"158":1,"159":4,"160":4,"161":4,"162":4,"163":4,"164":4,"165":4,"166":4,"167":4,"168":1,"169":1,"171":1,"172":1,"173":1,"174":1,"175":1,"176":1,"177":1,"178":1,"179":1,"180":1,"181":1,"182":1,"183":1,"184":1,"185":1,"186":1,"187":1,"188":1,"189":1,"190":1,"191":1,"192":1,"193":1,"194":1,"195":1,"196":1,"197":1,"198":1,"199":1,"200":1,"201":1,"202":1,"203":1,"204":1,"205":1,"206":1,"207":1,"208":1,"209":1,"210":1,"212":1,"214":0,"216":1,"217":1,"218":1,"219":1,"220":1,"222":1,"223":0,"225":1,"226":1,"227":1,"229":1,"231":1,"232":1,"233":1,"234":1,"235":1,"236":1,"238":1,"239":1,"240":1,"241":1,"242":1,"243":1,"244":1,"245":1,"246":1,"247":1,"248":1,"249":1,"250":1,"251":1,"252":1,"253":1,"254":1,"255":1,"256":1,"257":0,"259":0,"261":1,"263":1,"264":1,"265":1,"266":1,"267":1,"268":1,"269":1,"270":1,"271":1,"272":1,"274":1,"275":0,"277":1,"278":1,"280":1,"282":1,"283":1,"284":1,"285":1,"286":1,"287":1,"288":1,"289":1,"290":1,"291":1,"292":1,"293":1,"294":1,"295":1,"296":1,"297":1,"298":1,"299":1,"300":1,"301":1,"302":1,"303":1,"304":1,"305":1,"306":1,"307":1,"308":1,"309":1,"310":1,"311":1,"312":1,"313":1,"314":1,"315":1,"316":1,"317":1,"319":1,"320":1,"322":0,"324":1,"325":1,"326":1,"327":1,"328":1,"329":1,"330":1,"331":1,"332":1,"333":1,"335":1,"336":1,"337":1,"339":1,"341":3,"342":3,"343":3,"345":3,"346":3,"347":1,"348":1,"349":3,"351":3,"352":1,"353":1,"354":1,"355":1,"356":1,"357":1,"358":1,"360":1,"362":3,"363":1,"364":1,"365":1,"366":1,"367":1,"368":1,"369":1,"370":1,"372":1,"374":1,"375":1,"376":1,"377":1,"379":1,"381":1,"382":1,"383":1,"384":1,"385":1,"386":1,"387":1,"389":1,"390":3,"391":3,"392":3,"394":3,"395":3,"397":3,"399":3,"400":3,"401":3,"402":3,"403":3,"404":3,"406":3,"407":3,"408":3,"409":3,"410":3,"411":3,"412":3,"413":3,"415":3,"417":3,"418":3,"419":3,"420":3,"422":3,"423":3,"424":3,"426":3,"427":3,"428":1,"430":0,"432":3,"433":3,"434":3,"435":3,"436":3,"438":3},"branchMap":{"0":{"type":"branch","line":15,"loc":{"start":{"line":15,"column":0},"end":{"line":17,"column":1}},"locations":[{"start":{"line":15,"column":0},"end":{"line":17,"column":1}}]},"1":{"type":"branch","line":19,"loc":{"start":{"line":19,"column":0},"end":{"line":22,"column":1}},"locations":[{"start":{"line":19,"column":0},"end":{"line":22,"column":1}}]},"2":{"type":"branch","line":20,"loc":{"start":{"line":20,"column":25},"end":{"line":20,"column":37}},"locations":[{"start":{"line":20,"column":25},"end":{"line":20,"column":37}}]},"3":{"type":"branch","line":24,"loc":{"start":{"line":24,"column":0},"end":{"line":26,"column":1}},"locations":[{"start":{"line":24,"column":0},"end":{"line":26,"column":1}}]},"4":{"type":"branch","line":41,"loc":{"start":{"line":41,"column":0},"end":{"line":64,"column":1}},"locations":[{"start":{"line":41,"column":0},"end":{"line":64,"column":1}}]},"5":{"type":"branch","line":51,"loc":{"start":{"line":51,"column":17},"end":{"line":60,"column":15}},"locations":[{"start":{"line":51,"column":17},"end":{"line":60,"column":15}}]},"6":{"type":"branch","line":66,"loc":{"start":{"line":66,"column":0},"end":{"line":230,"column":1}},"locations":[{"start":{"line":66,"column":0},"end":{"line":230,"column":1}}]},"7":{"type":"branch","line":223,"loc":{"start":{"line":223,"column":34},"end":{"line":224,"column":70}},"locations":[{"start":{"line":223,"column":34},"end":{"line":224,"column":70}}]},"8":{"type":"branch","line":159,"loc":{"start":{"line":159,"column":26},"end":{"line":168,"column":17}},"locations":[{"start":{"line":159,"column":26},"end":{"line":168,"column":17}}]},"9":{"type":"branch","line":187,"loc":{"start":{"line":187,"column":31},"end":{"line":218,"column":27}},"locations":[{"start":{"line":187,"column":31},"end":{"line":218,"column":27}}]},"10":{"type":"branch","line":200,"loc":{"start":{"line":200,"column":79},"end":{"line":200,"column":115}},"locations":[{"start":{"line":200,"column":79},"end":{"line":200,"column":115}}]},"11":{"type":"branch","line":205,"loc":{"start":{"line":205,"column":81},"end":{"line":205,"column":117}},"locations":[{"start":{"line":205,"column":81},"end":{"line":205,"column":117}}]},"12":{"type":"branch","line":213,"loc":{"start":{"line":213,"column":22},"end":{"line":215,"column":58}},"locations":[{"start":{"line":213,"column":22},"end":{"line":215,"column":58}}]},"13":{"type":"branch","line":232,"loc":{"start":{"line":232,"column":0},"end":{"line":281,"column":1}},"locations":[{"start":{"line":232,"column":0},"end":{"line":281,"column":1}}]},"14":{"type":"branch","line":275,"loc":{"start":{"line":275,"column":26},"end":{"line":275,"column":44}},"locations":[{"start":{"line":275,"column":26},"end":{"line":275,"column":44}}]},"15":{"type":"branch","line":275,"loc":{"start":{"line":275,"column":32},"end":{"line":276,"column":70}},"locations":[{"start":{"line":275,"column":32},"end":{"line":276,"column":70}}]},"16":{"type":"branch","line":252,"loc":{"start":{"line":252,"column":23},"end":{"line":270,"column":25}},"locations":[{"start":{"line":252,"column":23},"end":{"line":270,"column":25}}]},"17":{"type":"branch","line":255,"loc":{"start":{"line":255,"column":33},"end":{"line":255,"column":45}},"locations":[{"start":{"line":255,"column":33},"end":{"line":255,"column":45}}]},"18":{"type":"branch","line":257,"loc":{"start":{"line":257,"column":24},"end":{"line":260,"column":28}},"locations":[{"start":{"line":257,"column":24},"end":{"line":260,"column":28}}]},"19":{"type":"branch","line":266,"loc":{"start":{"line":266,"column":57},"end":{"line":266,"column":79}},"locations":[{"start":{"line":266,"column":57},"end":{"line":266,"column":79}}]},"20":{"type":"branch","line":283,"loc":{"start":{"line":283,"column":0},"end":{"line":340,"column":1}},"locations":[{"start":{"line":283,"column":0},"end":{"line":340,"column":1}}]},"21":{"type":"branch","line":336,"loc":{"start":{"line":336,"column":29},"end":{"line":336,"column":95}},"locations":[{"start":{"line":336,"column":29},"end":{"line":336,"column":95}}]},"22":{"type":"branch","line":302,"loc":{"start":{"line":302,"column":26},"end":{"line":331,"column":25}},"locations":[{"start":{"line":302,"column":26},"end":{"line":331,"column":25}}]},"23":{"type":"branch","line":306,"loc":{"start":{"line":306,"column":63},"end":{"line":306,"column":90}},"locations":[{"start":{"line":306,"column":63},"end":{"line":306,"column":90}}]},"24":{"type":"branch","line":318,"loc":{"start":{"line":318,"column":57},"end":{"line":318,"column":123}},"locations":[{"start":{"line":318,"column":57},"end":{"line":318,"column":123}}]},"25":{"type":"branch","line":321,"loc":{"start":{"line":321,"column":20},"end":{"line":323,"column":62}},"locations":[{"start":{"line":321,"column":20},"end":{"line":323,"column":62}}]},"26":{"type":"branch","line":326,"loc":{"start":{"line":326,"column":98},"end":{"line":326,"column":151}},"locations":[{"start":{"line":326,"column":98},"end":{"line":326,"column":151}}]},"27":{"type":"branch","line":328,"loc":{"start":{"line":328,"column":90},"end":{"line":328,"column":143}},"locations":[{"start":{"line":328,"column":90},"end":{"line":328,"column":143}}]},"28":{"type":"branch","line":342,"loc":{"start":{"line":342,"column":0},"end":{"line":439,"column":1}},"locations":[{"start":{"line":342,"column":0},"end":{"line":439,"column":1}}]},"29":{"type":"branch","line":352,"loc":{"start":{"line":352,"column":25},"end":{"line":361,"column":3}},"locations":[{"start":{"line":352,"column":25},"end":{"line":361,"column":3}}]},"30":{"type":"branch","line":361,"loc":{"start":{"line":361,"column":2},"end":{"line":363,"column":34}},"locations":[{"start":{"line":361,"column":2},"end":{"line":363,"column":34}}]},"31":{"type":"branch","line":363,"loc":{"start":{"line":363,"column":34},"end":{"line":391,"column":81}},"locations":[{"start":{"line":363,"column":34},"end":{"line":391,"column":81}}]},"32":{"type":"branch","line":391,"loc":{"start":{"line":391,"column":73},"end":{"line":391,"column":110}},"locations":[{"start":{"line":391,"column":73},"end":{"line":391,"column":110}}]},"33":{"type":"branch","line":398,"loc":{"start":{"line":398,"column":19},"end":{"line":398,"column":66}},"locations":[{"start":{"line":398,"column":19},"end":{"line":398,"column":66}}]},"34":{"type":"branch","line":416,"loc":{"start":{"line":416,"column":59},"end":{"line":416,"column":86}},"locations":[{"start":{"line":416,"column":59},"end":{"line":416,"column":86}}]},"35":{"type":"branch","line":416,"loc":{"start":{"line":416,"column":69},"end":{"line":416,"column":88}},"locations":[{"start":{"line":416,"column":69},"end":{"line":416,"column":88}}]},"36":{"type":"branch","line":428,"loc":{"start":{"line":428,"column":23},"end":{"line":429,"column":67}},"locations":[{"start":{"line":428,"column":23},"end":{"line":429,"column":67}}]},"37":{"type":"branch","line":429,"loc":{"start":{"line":429,"column":65},"end":{"line":431,"column":80}},"locations":[{"start":{"line":429,"column":65},"end":{"line":431,"column":80}}]},"38":{"type":"branch","line":346,"loc":{"start":{"line":346,"column":12},"end":{"line":350,"column":5}},"locations":[{"start":{"line":346,"column":12},"end":{"line":350,"column":5}}]},"39":{"type":"branch","line":347,"loc":{"start":{"line":347,"column":35},"end":{"line":349,"column":5}},"locations":[{"start":{"line":347,"column":35},"end":{"line":349,"column":5}}]}},"b":{"0":[3],"1":[1],"2":[0],"3":[7],"4":[1],"5":[4],"6":[1],"7":[0],"8":[4],"9":[1],"10":[0],"11":[0],"12":[0],"13":[1],"14":[0],"15":[0],"16":[1],"17":[0],"18":[0],"19":[0],"20":[1],"21":[0],"22":[1],"23":[0],"24":[0],"25":[0],"26":[0],"27":[0],"28":[3],"29":[1],"30":[2],"31":[1],"32":[0],"33":[1],"34":[0],"35":[1],"36":[1],"37":[0],"38":[3],"39":[1]},"fnMap":{"0":{"name":"formatDate","decl":{"start":{"line":15,"column":0},"end":{"line":17,"column":1}},"loc":{"start":{"line":15,"column":0},"end":{"line":17,"column":1}},"line":15},"1":{"name":"formatAccuracy","decl":{"start":{"line":19,"column":0},"end":{"line":22,"column":1}},"loc":{"start":{"line":19,"column":0},"end":{"line":22,"column":1}},"line":19},"2":{"name":"formatPercent","decl":{"start":{"line":24,"column":0},"end":{"line":26,"column":1}},"loc":{"start":{"line":24,"column":0},"end":{"line":26,"column":1}},"line":24},"3":{"name":"downloadCsv","decl":{"start":{"line":28,"column":0},"end":{"line":39,"column":1}},"loc":{"start":{"line":28,"column":0},"end":{"line":39,"column":1}},"line":28},"4":{"name":"StatsGrid","decl":{"start":{"line":41,"column":0},"end":{"line":64,"column":1}},"loc":{"start":{"line":41,"column":0},"end":{"line":64,"column":1}},"line":41},"5":{"name":"EffectReportPanel","decl":{"start":{"line":66,"column":0},"end":{"line":230,"column":1}},"loc":{"start":{"line":66,"column":0},"end":{"line":230,"column":1}},"line":66},"6":{"name":"toCsv","decl":{"start":{"line":107,"column":16},"end":{"line":128,"column":3}},"loc":{"start":{"line":107,"column":16},"end":{"line":128,"column":3}},"line":107},"7":{"name":"onClick","decl":{"start":{"line":148,"column":21},"end":{"line":151,"column":14}},"loc":{"start":{"line":148,"column":21},"end":{"line":151,"column":14}},"line":148},"8":{"name":"UsersTable","decl":{"start":{"line":232,"column":0},"end":{"line":281,"column":1}},"loc":{"start":{"line":232,"column":0},"end":{"line":281,"column":1}},"line":232},"9":{"name":"SessionsTable","decl":{"start":{"line":283,"column":0},"end":{"line":340,"column":1}},"loc":{"start":{"line":283,"column":0},"end":{"line":340,"column":1}},"line":283},"10":{"name":"AdminPage","decl":{"start":{"line":342,"column":0},"end":{"line":439,"column":1}},"loc":{"start":{"line":342,"column":0},"end":{"line":439,"column":1}},"line":342},"11":{"name":"onClick","decl":{"start":{"line":373,"column":27},"end":{"line":373,"column":63}},"loc":{"start":{"line":373,"column":27},"end":{"line":373,"column":63}},"line":373}},"f":{"0":3,"1":1,"2":7,"3":0,"4":1,"5":1,"6":0,"7":0,"8":1,"9":1,"10":3,"11":0}}
,"/Users/arthur/Projects/english-listening-trainer/app/tcp-concept-lab/page.tsx": {"path":"/Users/arthur/Projects/english-listening-trainer/app/tcp-concept-lab/page.tsx","all":false,"statementMap":{"2":{"start":{"line":3,"column":0},"end":{"line":3,"column":58}},"3":{"start":{"line":4,"column":0},"end":{"line":4,"column":41}},"4":{"start":{"line":5,"column":0},"end":{"line":5,"column":96}},"5":{"start":{"line":6,"column":0},"end":{"line":6,"column":47}},"6":{"start":{"line":7,"column":0},"end":{"line":7,"column":45}},"7":{"start":{"line":8,"column":0},"end":{"line":8,"column":56}},"8":{"start":{"line":9,"column":0},"end":{"line":9,"column":55}},"9":{"start":{"line":10,"column":0},"end":{"line":10,"column":55}},"14":{"start":{"line":15,"column":0},"end":{"line":15,"column":38}},"15":{"start":{"line":16,"column":0},"end":{"line":16,"column":66}},"16":{"start":{"line":17,"column":0},"end":{"line":17,"column":50}},"17":{"start":{"line":18,"column":0},"end":{"line":18,"column":53}},"18":{"start":{"line":19,"column":0},"end":{"line":19,"column":97}},"19":{"start":{"line":20,"column":0},"end":{"line":20,"column":77}},"20":{"start":{"line":21,"column":0},"end":{"line":21,"column":50}},"22":{"start":{"line":23,"column":0},"end":{"line":23,"column":21}},"23":{"start":{"line":24,"column":0},"end":{"line":24,"column":32}},"24":{"start":{"line":25,"column":0},"end":{"line":25,"column":68}},"25":{"start":{"line":26,"column":0},"end":{"line":26,"column":9}},"26":{"start":{"line":27,"column":0},"end":{"line":27,"column":14}},"28":{"start":{"line":29,"column":0},"end":{"line":29,"column":67}},"30":{"start":{"line":31,"column":0},"end":{"line":31,"column":47}},"32":{"start":{"line":33,"column":0},"end":{"line":33,"column":31}},"33":{"start":{"line":34,"column":0},"end":{"line":34,"column":52}},"34":{"start":{"line":35,"column":0},"end":{"line":35,"column":51}},"37":{"start":{"line":38,"column":0},"end":{"line":38,"column":35}},"38":{"start":{"line":39,"column":0},"end":{"line":39,"column":55}},"39":{"start":{"line":40,"column":0},"end":{"line":40,"column":51}},"42":{"start":{"line":43,"column":0},"end":{"line":43,"column":31}},"43":{"start":{"line":44,"column":0},"end":{"line":44,"column":50}},"44":{"start":{"line":45,"column":0},"end":{"line":45,"column":50}},"47":{"start":{"line":48,"column":0},"end":{"line":48,"column":39}},"48":{"start":{"line":49,"column":0},"end":{"line":49,"column":46}},"49":{"start":{"line":50,"column":0},"end":{"line":50,"column":50}},"50":{"start":{"line":51,"column":0},"end":{"line":51,"column":5}},"52":{"start":{"line":53,"column":0},"end":{"line":53,"column":36}},"53":{"start":{"line":54,"column":0},"end":{"line":54,"column":40}},"55":{"start":{"line":56,"column":0},"end":{"line":56,"column":26}},"56":{"start":{"line":57,"column":0},"end":{"line":57,"column":58}},"59":{"start":{"line":60,"column":0},"end":{"line":60,"column":37}},"61":{"start":{"line":62,"column":0},"end":{"line":62,"column":41}},"62":{"start":{"line":63,"column":0},"end":{"line":63,"column":63}},"64":{"start":{"line":65,"column":0},"end":{"line":65,"column":13}},"66":{"start":{"line":67,"column":0},"end":{"line":67,"column":61}},"69":{"start":{"line":70,"column":0},"end":{"line":70,"column":56}},"71":{"start":{"line":72,"column":0},"end":{"line":72,"column":79}},"72":{"start":{"line":73,"column":0},"end":{"line":73,"column":57}},"73":{"start":{"line":74,"column":0},"end":{"line":74,"column":13}},"75":{"start":{"line":76,"column":0},"end":{"line":76,"column":33}},"76":{"start":{"line":77,"column":0},"end":{"line":77,"column":41}},"77":{"start":{"line":78,"column":0},"end":{"line":78,"column":20}},"78":{"start":{"line":79,"column":0},"end":{"line":79,"column":42}},"79":{"start":{"line":80,"column":0},"end":{"line":80,"column":13}},"80":{"start":{"line":81,"column":0},"end":{"line":81,"column":25}},"81":{"start":{"line":82,"column":0},"end":{"line":82,"column":64}},"82":{"start":{"line":83,"column":0},"end":{"line":83,"column":19}},"84":{"start":{"line":85,"column":0},"end":{"line":85,"column":30}},"85":{"start":{"line":86,"column":0},"end":{"line":86,"column":40}},"86":{"start":{"line":87,"column":0},"end":{"line":87,"column":35}},"87":{"start":{"line":88,"column":0},"end":{"line":88,"column":39}},"88":{"start":{"line":89,"column":0},"end":{"line":89,"column":20}},"89":{"start":{"line":90,"column":0},"end":{"line":90,"column":9}},"90":{"start":{"line":91,"column":0},"end":{"line":91,"column":5}},"92":{"start":{"line":93,"column":0},"end":{"line":93,"column":12}},"93":{"start":{"line":94,"column":0},"end":{"line":94,"column":69}},"94":{"start":{"line":95,"column":0},"end":{"line":95,"column":39}},"95":{"start":{"line":96,"column":0},"end":{"line":96,"column":103}},"97":{"start":{"line":98,"column":0},"end":{"line":98,"column":21}},"98":{"start":{"line":99,"column":0},"end":{"line":99,"column":61}},"100":{"start":{"line":101,"column":0},"end":{"line":101,"column":20}},"101":{"start":{"line":102,"column":0},"end":{"line":102,"column":18}},"103":{"start":{"line":104,"column":0},"end":{"line":104,"column":67}},"105":{"start":{"line":106,"column":0},"end":{"line":106,"column":43}},"106":{"start":{"line":107,"column":0},"end":{"line":107,"column":118}},"107":{"start":{"line":108,"column":0},"end":{"line":108,"column":229}},"109":{"start":{"line":110,"column":0},"end":{"line":110,"column":67}},"110":{"start":{"line":111,"column":0},"end":{"line":111,"column":56}},"111":{"start":{"line":112,"column":0},"end":{"line":112,"column":81}},"112":{"start":{"line":113,"column":0},"end":{"line":113,"column":37}},"114":{"start":{"line":115,"column":0},"end":{"line":115,"column":106}},"117":{"start":{"line":118,"column":0},"end":{"line":118,"column":93}},"120":{"start":{"line":121,"column":0},"end":{"line":121,"column":87}},"121":{"start":{"line":122,"column":0},"end":{"line":122,"column":204}},"122":{"start":{"line":123,"column":0},"end":{"line":123,"column":87}},"123":{"start":{"line":124,"column":0},"end":{"line":124,"column":42}},"124":{"start":{"line":125,"column":0},"end":{"line":125,"column":98}},"125":{"start":{"line":126,"column":0},"end":{"line":126,"column":104}},"126":{"start":{"line":127,"column":0},"end":{"line":127,"column":38}},"129":{"start":{"line":130,"column":0},"end":{"line":130,"column":116}},"130":{"start":{"line":131,"column":0},"end":{"line":131,"column":109}},"131":{"start":{"line":132,"column":0},"end":{"line":132,"column":51}},"132":{"start":{"line":133,"column":0},"end":{"line":133,"column":70}},"133":{"start":{"line":134,"column":0},"end":{"line":134,"column":85}},"134":{"start":{"line":135,"column":0},"end":{"line":135,"column":66}},"135":{"start":{"line":136,"column":0},"end":{"line":136,"column":71}},"136":{"start":{"line":137,"column":0},"end":{"line":137,"column":42}},"137":{"start":{"line":138,"column":0},"end":{"line":138,"column":45}},"138":{"start":{"line":139,"column":0},"end":{"line":139,"column":38}},"141":{"start":{"line":142,"column":0},"end":{"line":142,"column":87}},"142":{"start":{"line":143,"column":0},"end":{"line":143,"column":207}},"143":{"start":{"line":144,"column":0},"end":{"line":144,"column":87}},"144":{"start":{"line":145,"column":0},"end":{"line":145,"column":42}},"145":{"start":{"line":146,"column":0},"end":{"line":146,"column":98}},"146":{"start":{"line":147,"column":0},"end":{"line":147,"column":102}},"147":{"start":{"line":148,"column":0},"end":{"line":148,"column":38}},"150":{"start":{"line":151,"column":0},"end":{"line":151,"column":49}},"151":{"start":{"line":152,"column":0},"end":{"line":152,"column":65}},"152":{"start":{"line":153,"column":0},"end":{"line":153,"column":56}},"153":{"start":{"line":154,"column":0},"end":{"line":154,"column":53}},"154":{"start":{"line":155,"column":0},"end":{"line":155,"column":55}},"155":{"start":{"line":156,"column":0},"end":{"line":156,"column":65}},"156":{"start":{"line":157,"column":0},"end":{"line":157,"column":63}},"157":{"start":{"line":158,"column":0},"end":{"line":158,"column":42}},"160":{"start":{"line":161,"column":0},"end":{"line":161,"column":69}},"161":{"start":{"line":162,"column":0},"end":{"line":162,"column":56}},"162":{"start":{"line":163,"column":0},"end":{"line":163,"column":57}},"163":{"start":{"line":164,"column":0},"end":{"line":164,"column":56}},"164":{"start":{"line":165,"column":0},"end":{"line":165,"column":65}},"165":{"start":{"line":166,"column":0},"end":{"line":166,"column":74}},"166":{"start":{"line":167,"column":0},"end":{"line":167,"column":42}},"169":{"start":{"line":170,"column":0},"end":{"line":170,"column":65}},"170":{"start":{"line":171,"column":0},"end":{"line":171,"column":56}},"171":{"start":{"line":172,"column":0},"end":{"line":172,"column":53}},"172":{"start":{"line":173,"column":0},"end":{"line":173,"column":55}},"173":{"start":{"line":174,"column":0},"end":{"line":174,"column":64}},"174":{"start":{"line":175,"column":0},"end":{"line":175,"column":70}},"175":{"start":{"line":176,"column":0},"end":{"line":176,"column":42}},"178":{"start":{"line":179,"column":0},"end":{"line":179,"column":75}},"179":{"start":{"line":180,"column":0},"end":{"line":180,"column":56}},"180":{"start":{"line":181,"column":0},"end":{"line":181,"column":54}},"181":{"start":{"line":182,"column":0},"end":{"line":182,"column":55}},"182":{"start":{"line":183,"column":0},"end":{"line":183,"column":63}},"183":{"start":{"line":184,"column":0},"end":{"line":184,"column":66}},"184":{"start":{"line":185,"column":0},"end":{"line":185,"column":55}},"185":{"start":{"line":186,"column":0},"end":{"line":186,"column":42}},"187":{"start":{"line":188,"column":0},"end":{"line":188,"column":50}},"189":{"start":{"line":190,"column":0},"end":{"line":190,"column":34}},"192":{"start":{"line":193,"column":0},"end":{"line":193,"column":73}},"193":{"start":{"line":194,"column":0},"end":{"line":194,"column":131}},"194":{"start":{"line":195,"column":0},"end":{"line":195,"column":78}},"195":{"start":{"line":196,"column":0},"end":{"line":196,"column":112}},"196":{"start":{"line":197,"column":0},"end":{"line":197,"column":114}},"197":{"start":{"line":198,"column":0},"end":{"line":198,"column":118}},"198":{"start":{"line":199,"column":0},"end":{"line":199,"column":116}},"199":{"start":{"line":200,"column":0},"end":{"line":200,"column":124}},"200":{"start":{"line":201,"column":0},"end":{"line":201,"column":127}},"201":{"start":{"line":202,"column":0},"end":{"line":202,"column":38}},"202":{"start":{"line":203,"column":0},"end":{"line":203,"column":34}},"205":{"start":{"line":206,"column":0},"end":{"line":206,"column":61}},"206":{"start":{"line":207,"column":0},"end":{"line":207,"column":38}},"207":{"start":{"line":208,"column":0},"end":{"line":208,"column":56}},"208":{"start":{"line":209,"column":0},"end":{"line":209,"column":85}},"209":{"start":{"line":210,"column":0},"end":{"line":210,"column":57}},"210":{"start":{"line":211,"column":0},"end":{"line":211,"column":56}},"211":{"start":{"line":212,"column":0},"end":{"line":212,"column":73}},"212":{"start":{"line":213,"column":0},"end":{"line":213,"column":34}},"213":{"start":{"line":214,"column":0},"end":{"line":214,"column":39}},"214":{"start":{"line":215,"column":0},"end":{"line":215,"column":56}},"215":{"start":{"line":216,"column":0},"end":{"line":216,"column":56}},"216":{"start":{"line":217,"column":0},"end":{"line":217,"column":61}},"218":{"start":{"line":219,"column":0},"end":{"line":219,"column":67}},"219":{"start":{"line":220,"column":0},"end":{"line":220,"column":41}},"220":{"start":{"line":221,"column":0},"end":{"line":221,"column":34}},"222":{"start":{"line":223,"column":0},"end":{"line":223,"column":38}},"223":{"start":{"line":224,"column":0},"end":{"line":224,"column":27}},"224":{"start":{"line":225,"column":0},"end":{"line":225,"column":22}},"227":{"start":{"line":228,"column":0},"end":{"line":228,"column":110}},"228":{"start":{"line":229,"column":0},"end":{"line":229,"column":91}},"229":{"start":{"line":230,"column":0},"end":{"line":230,"column":106}},"230":{"start":{"line":231,"column":0},"end":{"line":231,"column":60}},"232":{"start":{"line":233,"column":0},"end":{"line":233,"column":36}},"233":{"start":{"line":234,"column":0},"end":{"line":234,"column":33}},"234":{"start":{"line":235,"column":0},"end":{"line":235,"column":79}},"235":{"start":{"line":236,"column":0},"end":{"line":236,"column":98}},"236":{"start":{"line":237,"column":0},"end":{"line":237,"column":50}},"237":{"start":{"line":238,"column":0},"end":{"line":238,"column":89}},"239":{"start":{"line":240,"column":0},"end":{"line":240,"column":42}},"241":{"start":{"line":242,"column":0},"end":{"line":242,"column":38}},"243":{"start":{"line":244,"column":0},"end":{"line":244,"column":59}},"244":{"start":{"line":245,"column":0},"end":{"line":245,"column":59}},"245":{"start":{"line":246,"column":0},"end":{"line":246,"column":143}},"246":{"start":{"line":247,"column":0},"end":{"line":247,"column":104}},"247":{"start":{"line":248,"column":0},"end":{"line":248,"column":132}},"248":{"start":{"line":249,"column":0},"end":{"line":249,"column":72}},"249":{"start":{"line":250,"column":0},"end":{"line":250,"column":48}},"250":{"start":{"line":251,"column":0},"end":{"line":251,"column":134}},"251":{"start":{"line":252,"column":0},"end":{"line":252,"column":49}},"252":{"start":{"line":253,"column":0},"end":{"line":253,"column":46}},"253":{"start":{"line":254,"column":0},"end":{"line":254,"column":39}},"254":{"start":{"line":255,"column":0},"end":{"line":255,"column":59}},"255":{"start":{"line":256,"column":0},"end":{"line":256,"column":38}},"257":{"start":{"line":258,"column":0},"end":{"line":258,"column":37}},"258":{"start":{"line":259,"column":0},"end":{"line":259,"column":34}},"259":{"start":{"line":260,"column":0},"end":{"line":260,"column":23}},"260":{"start":{"line":261,"column":0},"end":{"line":261,"column":18}},"261":{"start":{"line":262,"column":0},"end":{"line":262,"column":14}},"263":{"start":{"line":264,"column":0},"end":{"line":264,"column":1}},"265":{"start":{"line":266,"column":0},"end":{"line":266,"column":135}},"266":{"start":{"line":267,"column":0},"end":{"line":267,"column":12}},"267":{"start":{"line":268,"column":0},"end":{"line":268,"column":19}},"268":{"start":{"line":269,"column":0},"end":{"line":269,"column":97}},"269":{"start":{"line":270,"column":0},"end":{"line":270,"column":75}},"270":{"start":{"line":271,"column":0},"end":{"line":271,"column":75}},"271":{"start":{"line":272,"column":0},"end":{"line":272,"column":33}},"272":{"start":{"line":273,"column":0},"end":{"line":273,"column":63}},"274":{"start":{"line":275,"column":0},"end":{"line":275,"column":103}},"275":{"start":{"line":276,"column":0},"end":{"line":276,"column":145}},"276":{"start":{"line":277,"column":0},"end":{"line":277,"column":23}},"277":{"start":{"line":278,"column":0},"end":{"line":278,"column":18}},"278":{"start":{"line":279,"column":0},"end":{"line":279,"column":21}},"280":{"start":{"line":281,"column":0},"end":{"line":281,"column":1}}},"s":{"2":1,"3":1,"4":1,"5":1,"6":1,"7":1,"8":1,"9":1,"14":3,"15":3,"16":3,"17":3,"18":3,"19":3,"20":3,"22":3,"23":3,"24":2,"25":2,"26":3,"28":3,"30":3,"32":1,"33":1,"34":1,"37":1,"38":1,"39":1,"42":1,"43":1,"44":1,"47":1,"48":1,"49":1,"50":1,"52":3,"53":1,"55":1,"56":1,"59":1,"61":1,"62":1,"64":1,"66":1,"69":1,"71":1,"72":1,"73":1,"75":1,"76":1,"77":1,"78":0,"79":0,"80":1,"81":0,"82":1,"84":1,"85":1,"86":1,"87":1,"88":1,"89":1,"90":1,"92":3,"93":3,"94":3,"95":3,"97":3,"98":3,"100":3,"101":3,"103":3,"105":3,"106":3,"107":3,"109":3,"110":3,"111":3,"112":3,"114":3,"117":3,"120":3,"121":3,"122":3,"123":3,"124":3,"125":3,"126":3,"129":3,"130":3,"131":0,"132":0,"133":0,"134":0,"135":0,"136":0,"137":3,"138":3,"141":3,"142":3,"143":3,"144":3,"145":3,"146":3,"147":3,"150":3,"151":3,"152":1,"153":1,"154":1,"155":1,"156":1,"157":1,"160":3,"161":0,"162":0,"163":0,"164":0,"165":0,"166":0,"169":3,"170":0,"171":0,"172":0,"173":0,"174":0,"175":0,"178":3,"179":0,"180":0,"181":0,"182":0,"183":0,"184":0,"185":0,"187":3,"189":3,"192":3,"193":3,"194":3,"195":3,"196":3,"197":3,"198":3,"199":3,"200":3,"201":3,"202":3,"205":3,"206":3,"207":3,"208":3,"209":3,"210":3,"211":3,"212":3,"213":3,"214":3,"215":3,"216":3,"218":3,"219":3,"220":3,"222":3,"223":3,"224":3,"227":3,"228":3,"229":3,"230":3,"232":3,"233":3,"234":3,"235":3,"236":3,"237":1,"239":1,"241":1,"243":2,"244":2,"245":12,"246":9,"247":8,"248":8,"249":12,"250":12,"251":12,"252":12,"253":2,"254":2,"255":2,"257":3,"258":3,"259":3,"260":3,"261":3,"263":3,"265":1,"266":1,"267":1,"268":1,"269":1,"270":1,"271":1,"272":1,"274":1,"275":1,"276":1,"277":1,"278":1,"280":1},"branchMap":{"0":{"type":"branch","line":15,"loc":{"start":{"line":15,"column":0},"end":{"line":264,"column":1}},"locations":[{"start":{"line":15,"column":0},"end":{"line":264,"column":1}}]},"1":{"type":"branch","line":122,"loc":{"start":{"line":122,"column":128},"end":{"line":122,"column":169}},"locations":[{"start":{"line":122,"column":128},"end":{"line":122,"column":169}}]},"2":{"type":"branch","line":122,"loc":{"start":{"line":122,"column":137},"end":{"line":122,"column":200}},"locations":[{"start":{"line":122,"column":137},"end":{"line":122,"column":200}}]},"3":{"type":"branch","line":131,"loc":{"start":{"line":131,"column":90},"end":{"line":137,"column":42}},"locations":[{"start":{"line":131,"column":90},"end":{"line":137,"column":42}}]},"4":{"type":"branch","line":143,"loc":{"start":{"line":143,"column":127},"end":{"line":143,"column":172}},"locations":[{"start":{"line":143,"column":127},"end":{"line":143,"column":172}}]},"5":{"type":"branch","line":143,"loc":{"start":{"line":143,"column":138},"end":{"line":143,"column":203}},"locations":[{"start":{"line":143,"column":138},"end":{"line":143,"column":203}}]},"6":{"type":"branch","line":152,"loc":{"start":{"line":152,"column":55},"end":{"line":158,"column":42}},"locations":[{"start":{"line":152,"column":55},"end":{"line":158,"column":42}}]},"7":{"type":"branch","line":161,"loc":{"start":{"line":161,"column":55},"end":{"line":167,"column":42}},"locations":[{"start":{"line":161,"column":55},"end":{"line":167,"column":42}}]},"8":{"type":"branch","line":170,"loc":{"start":{"line":170,"column":55},"end":{"line":176,"column":42}},"locations":[{"start":{"line":170,"column":55},"end":{"line":176,"column":42}}]},"9":{"type":"branch","line":179,"loc":{"start":{"line":179,"column":55},"end":{"line":186,"column":42}},"locations":[{"start":{"line":179,"column":55},"end":{"line":186,"column":42}}]},"10":{"type":"branch","line":196,"loc":{"start":{"line":196,"column":55},"end":{"line":196,"column":112}},"locations":[{"start":{"line":196,"column":55},"end":{"line":196,"column":112}}]},"11":{"type":"branch","line":197,"loc":{"start":{"line":197,"column":55},"end":{"line":197,"column":114}},"locations":[{"start":{"line":197,"column":55},"end":{"line":197,"column":114}}]},"12":{"type":"branch","line":198,"loc":{"start":{"line":198,"column":55},"end":{"line":198,"column":118}},"locations":[{"start":{"line":198,"column":55},"end":{"line":198,"column":118}}]},"13":{"type":"branch","line":199,"loc":{"start":{"line":199,"column":55},"end":{"line":199,"column":116}},"locations":[{"start":{"line":199,"column":55},"end":{"line":199,"column":116}}]},"14":{"type":"branch","line":200,"loc":{"start":{"line":200,"column":55},"end":{"line":200,"column":124}},"locations":[{"start":{"line":200,"column":55},"end":{"line":200,"column":124}}]},"15":{"type":"branch","line":201,"loc":{"start":{"line":201,"column":55},"end":{"line":201,"column":127}},"locations":[{"start":{"line":201,"column":55},"end":{"line":201,"column":127}}]},"16":{"type":"branch","line":219,"loc":{"start":{"line":219,"column":37},"end":{"line":219,"column":60}},"locations":[{"start":{"line":219,"column":37},"end":{"line":219,"column":60}}]},"17":{"type":"branch","line":219,"loc":{"start":{"line":219,"column":49},"end":{"line":219,"column":67}},"locations":[{"start":{"line":219,"column":49},"end":{"line":219,"column":67}}]},"18":{"type":"branch","line":237,"loc":{"start":{"line":237,"column":45},"end":{"line":242,"column":38}},"locations":[{"start":{"line":237,"column":45},"end":{"line":242,"column":38}}]},"19":{"type":"branch","line":242,"loc":{"start":{"line":242,"column":32},"end":{"line":256,"column":38}},"locations":[{"start":{"line":242,"column":32},"end":{"line":256,"column":38}}]},"20":{"type":"branch","line":23,"loc":{"start":{"line":23,"column":14},"end":{"line":27,"column":7}},"locations":[{"start":{"line":23,"column":14},"end":{"line":27,"column":7}}]},"21":{"type":"branch","line":24,"loc":{"start":{"line":24,"column":31},"end":{"line":26,"column":9}},"locations":[{"start":{"line":24,"column":31},"end":{"line":26,"column":9}}]},"22":{"type":"branch","line":29,"loc":{"start":{"line":29,"column":19},"end":{"line":29,"column":67}},"locations":[{"start":{"line":29,"column":19},"end":{"line":29,"column":67}}]},"23":{"type":"branch","line":29,"loc":{"start":{"line":29,"column":44},"end":{"line":29,"column":66}},"locations":[{"start":{"line":29,"column":44},"end":{"line":29,"column":66}}]},"24":{"type":"branch","line":31,"loc":{"start":{"line":31,"column":34},"end":{"line":51,"column":5}},"locations":[{"start":{"line":31,"column":34},"end":{"line":51,"column":5}}]},"25":{"type":"branch","line":35,"loc":{"start":{"line":35,"column":26},"end":{"line":35,"column":50}},"locations":[{"start":{"line":35,"column":26},"end":{"line":35,"column":50}}]},"26":{"type":"branch","line":40,"loc":{"start":{"line":40,"column":26},"end":{"line":40,"column":50}},"locations":[{"start":{"line":40,"column":26},"end":{"line":40,"column":50}}]},"27":{"type":"branch","line":45,"loc":{"start":{"line":45,"column":26},"end":{"line":45,"column":49}},"locations":[{"start":{"line":45,"column":26},"end":{"line":45,"column":49}}]},"28":{"type":"branch","line":50,"loc":{"start":{"line":50,"column":26},"end":{"line":50,"column":49}},"locations":[{"start":{"line":50,"column":26},"end":{"line":50,"column":49}}]},"29":{"type":"branch","line":53,"loc":{"start":{"line":53,"column":23},"end":{"line":91,"column":5}},"locations":[{"start":{"line":53,"column":23},"end":{"line":91,"column":5}}]},"30":{"type":"branch","line":54,"loc":{"start":{"line":54,"column":34},"end":{"line":54,"column":40}},"locations":[{"start":{"line":54,"column":34},"end":{"line":54,"column":40}}]},"31":{"type":"branch","line":78,"loc":{"start":{"line":78,"column":12},"end":{"line":80,"column":13}},"locations":[{"start":{"line":78,"column":12},"end":{"line":80,"column":13}}]},"32":{"type":"branch","line":81,"loc":{"start":{"line":81,"column":8},"end":{"line":83,"column":10}},"locations":[{"start":{"line":81,"column":8},"end":{"line":83,"column":10}}]},"33":{"type":"branch","line":57,"loc":{"start":{"line":57,"column":16},"end":{"line":57,"column":57}},"locations":[{"start":{"line":57,"column":16},"end":{"line":57,"column":57}}]},"34":{"type":"branch","line":72,"loc":{"start":{"line":72,"column":54},"end":{"line":72,"column":78}},"locations":[{"start":{"line":72,"column":54},"end":{"line":72,"column":78}}]},"35":{"type":"branch","line":73,"loc":{"start":{"line":73,"column":24},"end":{"line":73,"column":56}},"locations":[{"start":{"line":73,"column":24},"end":{"line":73,"column":56}}]},"36":{"type":"branch","line":85,"loc":{"start":{"line":85,"column":23},"end":{"line":89,"column":15}},"locations":[{"start":{"line":85,"column":23},"end":{"line":89,"column":15}}]},"37":{"type":"branch","line":245,"loc":{"start":{"line":245,"column":46},"end":{"line":253,"column":46}},"locations":[{"start":{"line":245,"column":46},"end":{"line":253,"column":46}}]},"38":{"type":"branch","line":246,"loc":{"start":{"line":246,"column":103},"end":{"line":246,"column":143}},"locations":[{"start":{"line":246,"column":103},"end":{"line":246,"column":143}}]},"39":{"type":"branch","line":246,"loc":{"start":{"line":246,"column":107},"end":{"line":249,"column":72}},"locations":[{"start":{"line":246,"column":107},"end":{"line":249,"column":72}}]},"40":{"type":"branch","line":247,"loc":{"start":{"line":247,"column":66},"end":{"line":247,"column":104}},"locations":[{"start":{"line":247,"column":66},"end":{"line":247,"column":104}}]},"41":{"type":"branch","line":247,"loc":{"start":{"line":247,"column":70},"end":{"line":249,"column":72}},"locations":[{"start":{"line":247,"column":70},"end":{"line":249,"column":72}}]},"42":{"type":"branch","line":248,"loc":{"start":{"line":248,"column":96},"end":{"line":248,"column":132}},"locations":[{"start":{"line":248,"column":96},"end":{"line":248,"column":132}}]},"43":{"type":"branch","line":266,"loc":{"start":{"line":266,"column":0},"end":{"line":281,"column":1}},"locations":[{"start":{"line":266,"column":0},"end":{"line":281,"column":1}}]},"44":{"type":"branch","line":270,"loc":{"start":{"line":270,"column":47},"end":{"line":270,"column":62}},"locations":[{"start":{"line":270,"column":47},"end":{"line":270,"column":62}}]},"45":{"type":"branch","line":271,"loc":{"start":{"line":271,"column":47},"end":{"line":271,"column":62}},"locations":[{"start":{"line":271,"column":47},"end":{"line":271,"column":62}}]}},"b":{"0":[3],"1":[1],"2":[2],"3":[0],"4":[1],"5":[2],"6":[1],"7":[0],"8":[0],"9":[0],"10":[2],"11":[1],"12":[0],"13":[0],"14":[0],"15":[0],"16":[1],"17":[2],"18":[1],"19":[2],"20":[3],"21":[2],"22":[6],"23":[6],"24":[1],"25":[1],"26":[1],"27":[1],"28":[1],"29":[1],"30":[0],"31":[0],"32":[0],"33":[1],"34":[1],"35":[1],"36":[1],"37":[12],"38":[3],"39":[9],"40":[1],"41":[8],"42":[0],"43":[1],"44":[0],"45":[0]},"fnMap":{"0":{"name":"TcpLabPage","decl":{"start":{"line":15,"column":0},"end":{"line":264,"column":1}},"loc":{"start":{"line":15,"column":0},"end":{"line":264,"column":1}},"line":15},"1":{"name":"addLog","decl":{"start":{"line":29,"column":19},"end":{"line":29,"column":67}},"loc":{"start":{"line":29,"column":19},"end":{"line":29,"column":67}},"line":29},"2":{"name":"runHandshakeAnimation","decl":{"start":{"line":31,"column":34},"end":{"line":51,"column":5}},"loc":{"start":{"line":31,"column":34},"end":{"line":51,"column":5}},"line":31},"3":{"name":"handleSend","decl":{"start":{"line":53,"column":23},"end":{"line":91,"column":5}},"loc":{"start":{"line":53,"column":23},"end":{"line":91,"column":5}},"line":53},"4":{"name":"onChange","decl":{"start":{"line":209,"column":46},"end":{"line":209,"column":85}},"loc":{"start":{"line":209,"column":46},"end":{"line":209,"column":85}},"line":209},"5":{"name":"PacketAnimation","decl":{"start":{"line":266,"column":0},"end":{"line":281,"column":1}},"loc":{"start":{"line":266,"column":0},"end":{"line":281,"column":1}},"line":266}},"f":{"0":3,"1":6,"2":1,"3":1,"4":0,"5":1}}
,"/Users/arthur/Projects/english-listening-trainer/components/home/authentication-gate.tsx": {"path":"/Users/arthur/Projects/english-listening-trainer/components/home/authentication-gate.tsx","all":false,"statementMap":{"4":{"start":{"line":5,"column":0},"end":{"line":5,"column":38}},"6":{"start":{"line":7,"column":0},"end":{"line":7,"column":53}},"7":{"start":{"line":8,"column":0},"end":{"line":8,"column":75}},"8":{"start":{"line":9,"column":0},"end":{"line":9,"column":62}},"9":{"start":{"line":10,"column":0},"end":{"line":10,"column":43}},"26":{"start":{"line":27,"column":0},"end":{"line":27,"column":36}},"27":{"start":{"line":28,"column":0},"end":{"line":28,"column":12}},"28":{"start":{"line":29,"column":0},"end":{"line":29,"column":13}},"29":{"start":{"line":30,"column":0},"end":{"line":30,"column":18}},"30":{"start":{"line":31,"column":0},"end":{"line":31,"column":17}},"31":{"start":{"line":32,"column":0},"end":{"line":32,"column":13}},"32":{"start":{"line":33,"column":0},"end":{"line":33,"column":20}},"33":{"start":{"line":34,"column":0},"end":{"line":34,"column":7}},"34":{"start":{"line":35,"column":0},"end":{"line":35,"column":22}},"35":{"start":{"line":36,"column":0},"end":{"line":36,"column":18}},"36":{"start":{"line":37,"column":0},"end":{"line":37,"column":19}},"37":{"start":{"line":38,"column":0},"end":{"line":38,"column":11}},"38":{"start":{"line":39,"column":0},"end":{"line":39,"column":29}},"39":{"start":{"line":40,"column":0},"end":{"line":40,"column":33}},"40":{"start":{"line":41,"column":0},"end":{"line":41,"column":12}},"41":{"start":{"line":42,"column":0},"end":{"line":42,"column":123}},"42":{"start":{"line":43,"column":0},"end":{"line":43,"column":42}},"43":{"start":{"line":44,"column":0},"end":{"line":44,"column":81}},"44":{"start":{"line":45,"column":0},"end":{"line":45,"column":53}},"45":{"start":{"line":46,"column":0},"end":{"line":46,"column":66}},"46":{"start":{"line":47,"column":0},"end":{"line":47,"column":15}},"47":{"start":{"line":48,"column":0},"end":{"line":48,"column":39}},"48":{"start":{"line":49,"column":0},"end":{"line":49,"column":70}},"49":{"start":{"line":50,"column":0},"end":{"line":50,"column":14}},"50":{"start":{"line":51,"column":0},"end":{"line":51,"column":15}},"51":{"start":{"line":52,"column":0},"end":{"line":52,"column":12}},"53":{"start":{"line":54,"column":0},"end":{"line":54,"column":3}},"55":{"start":{"line":56,"column":0},"end":{"line":56,"column":25}},"56":{"start":{"line":57,"column":0},"end":{"line":57,"column":12}},"57":{"start":{"line":58,"column":0},"end":{"line":58,"column":90}},"58":{"start":{"line":59,"column":0},"end":{"line":59,"column":86}},"59":{"start":{"line":60,"column":0},"end":{"line":60,"column":12}},"61":{"start":{"line":62,"column":0},"end":{"line":62,"column":3}},"64":{"start":{"line":65,"column":0},"end":{"line":65,"column":39}},"65":{"start":{"line":66,"column":0},"end":{"line":66,"column":12}},"66":{"start":{"line":67,"column":0},"end":{"line":67,"column":90}},"67":{"start":{"line":68,"column":0},"end":{"line":68,"column":86}},"68":{"start":{"line":69,"column":0},"end":{"line":69,"column":27}},"69":{"start":{"line":70,"column":0},"end":{"line":70,"column":34}},"70":{"start":{"line":71,"column":0},"end":{"line":71,"column":37}},"71":{"start":{"line":72,"column":0},"end":{"line":72,"column":37}},"72":{"start":{"line":73,"column":0},"end":{"line":73,"column":33}},"73":{"start":{"line":74,"column":0},"end":{"line":74,"column":10}},"74":{"start":{"line":75,"column":0},"end":{"line":75,"column":12}},"76":{"start":{"line":77,"column":0},"end":{"line":77,"column":3}},"78":{"start":{"line":79,"column":0},"end":{"line":79,"column":24}},"79":{"start":{"line":80,"column":0},"end":{"line":80,"column":1}}},"s":{"4":1,"6":1,"7":1,"8":1,"9":1,"26":1,"27":4,"28":4,"29":4,"30":4,"31":4,"32":4,"33":4,"34":4,"35":4,"36":4,"37":4,"38":4,"39":4,"40":1,"41":1,"42":1,"43":1,"44":1,"45":1,"46":1,"47":1,"48":1,"49":1,"50":1,"51":1,"53":1,"55":4,"56":1,"57":1,"58":1,"59":1,"61":1,"64":4,"65":1,"66":1,"67":1,"68":1,"69":1,"70":1,"71":1,"72":1,"73":1,"74":1,"76":1,"78":1,"79":1},"branchMap":{"0":{"type":"branch","line":27,"loc":{"start":{"line":27,"column":7},"end":{"line":80,"column":1}},"locations":[{"start":{"line":27,"column":7},"end":{"line":80,"column":1}}]},"1":{"type":"branch","line":40,"loc":{"start":{"line":40,"column":6},"end":{"line":40,"column":32}},"locations":[{"start":{"line":40,"column":6},"end":{"line":40,"column":32}}]},"2":{"type":"branch","line":40,"loc":{"start":{"line":40,"column":32},"end":{"line":54,"column":3}},"locations":[{"start":{"line":40,"column":32},"end":{"line":54,"column":3}}]},"3":{"type":"branch","line":54,"loc":{"start":{"line":54,"column":2},"end":{"line":56,"column":24}},"locations":[{"start":{"line":54,"column":2},"end":{"line":56,"column":24}}]},"4":{"type":"branch","line":56,"loc":{"start":{"line":56,"column":24},"end":{"line":62,"column":3}},"locations":[{"start":{"line":56,"column":24},"end":{"line":62,"column":3}}]},"5":{"type":"branch","line":62,"loc":{"start":{"line":62,"column":2},"end":{"line":65,"column":38}},"locations":[{"start":{"line":62,"column":2},"end":{"line":65,"column":38}}]},"6":{"type":"branch","line":65,"loc":{"start":{"line":65,"column":38},"end":{"line":80,"column":1}},"locations":[{"start":{"line":65,"column":38},"end":{"line":80,"column":1}}]},"7":{"type":"branch","line":73,"loc":{"start":{"line":73,"column":24},"end":{"line":73,"column":33}},"locations":[{"start":{"line":73,"column":24},"end":{"line":73,"column":33}}]}},"b":{"0":[4],"1":[3],"2":[1],"3":[3],"4":[1],"5":[2],"6":[1],"7":[0]},"fnMap":{"0":{"name":"AuthenticationGate","decl":{"start":{"line":27,"column":7},"end":{"line":80,"column":1}},"loc":{"start":{"line":27,"column":7},"end":{"line":80,"column":1}},"line":27}},"f":{"0":4}}
,"/Users/arthur/Projects/english-listening-trainer/components/home/recommended-topics.tsx": {"path":"/Users/arthur/Projects/english-listening-trainer/components/home/recommended-topics.tsx","all":false,"statementMap":{"2":{"start":{"line":3,"column":0},"end":{"line":3,"column":43}},"3":{"start":{"line":4,"column":0},"end":{"line":4,"column":89}},"4":{"start":{"line":5,"column":0},"end":{"line":5,"column":47}},"5":{"start":{"line":6,"column":0},"end":{"line":6,"column":43}},"6":{"start":{"line":7,"column":0},"end":{"line":7,"column":45}},"7":{"start":{"line":8,"column":0},"end":{"line":8,"column":62}},"8":{"start":{"line":9,"column":0},"end":{"line":9,"column":61}},"9":{"start":{"line":10,"column":0},"end":{"line":10,"column":70}},"48":{"start":{"line":49,"column":0},"end":{"line":49,"column":37}},"50":{"start":{"line":51,"column":0},"end":{"line":51,"column":35}},"51":{"start":{"line":52,"column":0},"end":{"line":52,"column":13}},"52":{"start":{"line":53,"column":0},"end":{"line":53,"column":19}},"53":{"start":{"line":54,"column":0},"end":{"line":54,"column":19}},"54":{"start":{"line":55,"column":0},"end":{"line":55,"column":16}},"55":{"start":{"line":56,"column":0},"end":{"line":56,"column":11}},"56":{"start":{"line":57,"column":0},"end":{"line":57,"column":28}},"57":{"start":{"line":58,"column":0},"end":{"line":58,"column":34}},"58":{"start":{"line":59,"column":0},"end":{"line":59,"column":43}},"59":{"start":{"line":60,"column":0},"end":{"line":60,"column":78}},"60":{"start":{"line":61,"column":0},"end":{"line":61,"column":66}},"61":{"start":{"line":62,"column":0},"end":{"line":62,"column":47}},"62":{"start":{"line":63,"column":0},"end":{"line":63,"column":53}},"63":{"start":{"line":64,"column":0},"end":{"line":64,"column":69}},"64":{"start":{"line":65,"column":0},"end":{"line":65,"column":81}},"66":{"start":{"line":67,"column":0},"end":{"line":67,"column":19}},"67":{"start":{"line":68,"column":0},"end":{"line":68,"column":17}},"68":{"start":{"line":69,"column":0},"end":{"line":69,"column":24}},"70":{"start":{"line":71,"column":0},"end":{"line":71,"column":80}},"71":{"start":{"line":72,"column":0},"end":{"line":72,"column":54}},"73":{"start":{"line":74,"column":0},"end":{"line":74,"column":57}},"75":{"start":{"line":76,"column":0},"end":{"line":76,"column":82}},"76":{"start":{"line":77,"column":0},"end":{"line":77,"column":34}},"77":{"start":{"line":78,"column":0},"end":{"line":78,"column":24}},"78":{"start":{"line":79,"column":0},"end":{"line":79,"column":16}},"79":{"start":{"line":80,"column":0},"end":{"line":80,"column":7}},"81":{"start":{"line":82,"column":0},"end":{"line":82,"column":42}},"82":{"start":{"line":83,"column":0},"end":{"line":83,"column":81}},"84":{"start":{"line":85,"column":0},"end":{"line":85,"column":80}},"85":{"start":{"line":86,"column":0},"end":{"line":86,"column":104}},"87":{"start":{"line":88,"column":0},"end":{"line":88,"column":16}},"88":{"start":{"line":89,"column":0},"end":{"line":89,"column":39}},"89":{"start":{"line":90,"column":0},"end":{"line":90,"column":22}},"90":{"start":{"line":91,"column":0},"end":{"line":91,"column":9}},"91":{"start":{"line":92,"column":0},"end":{"line":92,"column":8}},"92":{"start":{"line":93,"column":0},"end":{"line":93,"column":5}},"94":{"start":{"line":95,"column":0},"end":{"line":95,"column":17}},"95":{"start":{"line":96,"column":0},"end":{"line":96,"column":3}},"97":{"start":{"line":98,"column":0},"end":{"line":98,"column":32}},"98":{"start":{"line":99,"column":0},"end":{"line":99,"column":20}},"99":{"start":{"line":100,"column":0},"end":{"line":100,"column":9}},"100":{"start":{"line":101,"column":0},"end":{"line":101,"column":42}},"101":{"start":{"line":102,"column":0},"end":{"line":102,"column":68}},"102":{"start":{"line":103,"column":0},"end":{"line":103,"column":59}},"103":{"start":{"line":104,"column":0},"end":{"line":104,"column":19}},"104":{"start":{"line":105,"c
[...]
{"start":{"line":278,"column":0},"end":{"line":278,"column":56}},"279":{"start":{"line":280,"column":0},"end":{"line":280,"column":50}},"280":{"start":{"line":281,"column":0},"end":{"line":281,"column":48}},"282":{"start":{"line":283,"column":0},"end":{"line":283,"column":7}},"283":{"start":{"line":284,"column":0},"end":{"line":284,"column":41}},"284":{"start":{"line":285,"column":0},"end":{"line":285,"column":49}},"285":{"start":{"line":286,"column":0},"end":{"line":286,"column":12}},"286":{"start":{"line":287,"column":0},"end":{"line":287,"column":28}},"287":{"start":{"line":288,"column":0},"end":{"line":288,"column":36}},"288":{"start":{"line":289,"column":0},"end":{"line":289,"column":29}},"289":{"start":{"line":290,"column":0},"end":{"line":290,"column":20}},"290":{"start":{"line":291,"column":0},"end":{"line":291,"column":5}},"292":{"start":{"line":293,"column":0},"end":{"line":293,"column":70}},"293":{"start":{"line":294,"column":0},"end":{"line":294,"column":26}},"294":{"start":{"line":295,"column":0},"end":{"line":295,"column":49}},"295":{"start":{"line":296,"column":0},"end":{"line":296,"column":58}},"296":{"start":{"line":297,"column":0},"end":{"line":297,"column":19}},"297":{"start":{"line":298,"column":0},"end":{"line":298,"column":122}},"298":{"start":{"line":299,"column":0},"end":{"line":299,"column":13}},"299":{"start":{"line":300,"column":0},"end":{"line":300,"column":9}},"300":{"start":{"line":301,"column":0},"end":{"line":301,"column":40}},"301":{"start":{"line":302,"column":0},"end":{"line":302,"column":13}},"303":{"start":{"line":304,"column":0},"end":{"line":304,"column":5}},"304":{"start":{"line":305,"column":0},"end":{"line":305,"column":3}},"305":{"start":{"line":306,"column":0},"end":{"line":306,"column":1}},"307":{"start":{"line":308,"column":0},"end":{"line":308,"column":71}},"308":{"start":{"line":309,"column":0},"end":{"line":309,"column":50}},"309":{"start":{"line":310,"column":0},"end":{"line":310,"column":10}},"310":{"start":{"line":311,"column":0},"end":{"line":311,"column":13}},"311":{"start":{"line":312,"column":0},"end":{"line":312,"column":59}},"312":{"start":{"line":313,"column":0},"end":{"line":313,"column":80}},"313":{"start":{"line":314,"column":0},"end":{"line":314,"column":62}},"314":{"start":{"line":315,"column":0},"end":{"line":315,"column":3}},"315":{"start":{"line":316,"column":0},"end":{"line":316,"column":1}},"317":{"start":{"line":318,"column":0},"end":{"line":318,"column":79}},"318":{"start":{"line":319,"column":0},"end":{"line":319,"column":42}},"319":{"start":{"line":320,"column":0},"end":{"line":320,"column":1}}},"s":{"0":1,"2":1,"3":1,"4":1,"5":1,"6":1,"8":1,"10":1,"11":1,"12":1,"38":1,"42":1,"43":2,"44":2,"45":2,"46":2,"47":2,"48":1,"50":1,"57":5,"58":5,"59":5,"60":5,"61":5,"62":5,"63":5,"65":5,"66":17,"67":17,"68":17,"69":4,"70":4,"72":1,"73":1,"74":1,"75":1,"76":1,"77":1,"78":1,"80":9,"81":9,"82":9,"83":9,"84":9,"85":9,"87":4,"88":4,"89":4,"90":4,"91":4,"92":2,"93":2,"95":4,"97":3,"98":3,"99":0,"100":0,"101":3,"102":0,"103":0,"104":3,"106":5,"110":5,"111":5,"112":5,"113":0,"114":0,"116":5,"117":5,"118":5,"119":5,"120":5,"122":5,"127":5,"128":5,"129":5,"130":5,"131":5,"132":5,"133":5,"134":5,"135":5,"136":5,"137":5,"138":5,"139":5,"140":5,"141":5,"142":5,"143":5,"144":5,"145":5,"146":5,"147":5,"148":5,"149":5,"150":5,"151":5,"152":5,"153":5,"155":5,"156":5,"157":5,"158":5,"160":5,"161":15,"162":15,"163":15,"164":15,"166":5,"167":5,"169":5,"170":1,"171":1,"172":1,"173":1,"174":1,"175":1,"177":5,"178":1,"179":1,"180":1,"181":1,"182":1,"184":3,"185":5,"186":2,"187":2,"188":2,"189":2,"190":2,"191":5,"193":3,"194":3,"195":3,"197":3,"198":3,"199":3,"200":3,"202":3,"206":3,"207":3,"209":3,"210":3,"211":0,"212":0,"214":3,"215":3,"217":3,"218":4,"219":4,"220":4,"221":4,"222":4,"223":4,"224":4,"225":4,"226":2,"227":2,"228":4,"230":3,"231":3,"232":3,"233":3,"234":1,"235":1,"236":3,"237":2,"238":2,"239":2,"240":1,"242":2,"243":1,"244":1,"245":1,"246":1,"247":1,"248":1,"250":2,"251":2,"253":2,"254":2,"255":2,"257":2,"258":2,"259":2,"260":2,"261":2,"262":2,"263":2,"264":2,"265":2,"266":2,"268":1,"272":1,"273":1,"274":1,"276":1,"277":1,"279":1,"280":1,"282":1,"283":1,"284":1,"285":1,"286":1,"287":1,"288":1,"289":1,"290":1,"292":1,"293":1,"294":1,"295":1,"296":1,"297":0,"298":1,"299":1,"300":1,"301":1,"303":0,"304":1,"305":1,"307":1,"308":0,"309":0,"310":0,"311":0,"312":0,"313":0,"314":0,"315":0,"317":1,"318":0,"319":0},"branchMap":{"0":{"type":"branch","line":43,"loc":{"start":{"line":43,"column":2},"end":{"line":48,"column":3}},"locations":[{"start":{"line":43,"column":2},"end":{"line":48,"column":3}}]},"1":{"type":"branch","line":58,"loc":{"start":{"line":58,"column":0},"end":{"line":71,"column":1}},"locations":[{"start":{"line":58,"column":0},"end":{"line":71,"column":1}}]},"2":{"type":"branch","line":66,"loc":{"start":{"line":66,"column":34},"end":{"line":69,"column":3}},"locations":[{"start":{"line":66,"column":34},"end":{"line":69,"column":3}}]},"3":{"type":"branch","line":67,"loc":{"start":{"line":67,"column":20},"end":{"line":67,"column":32}},"locations":[{"start":{"line":67,"column":20},"end":{"line":67,"column":32}}]},"4":{"type":"branch","line":68,"loc":{"start":{"line":68,"column":17},"end":{"line":68,"column":31}},"locations":[{"start":{"line":68,"column":17},"end":{"line":68,"column":31}}]},"5":{"type":"branch","line":69,"loc":{"start":{"line":69,"column":2},"end":{"line":71,"column":1}},"locations":[{"start":{"line":69,"column":2},"end":{"line":71,"column":1}}]},"6":{"type":"branch","line":73,"loc":{"start":{"line":73,"column":0},"end":{"line":79,"column":1}},"locations":[{"start":{"line":73,"column":0},"end":{"line":79,"column":1}}]},"7":{"type":"branch","line":74,"loc":{"start":{"line":74,"column":25},"end":{"line":74,"column":105}},"locations":[{"start":{"line":74,"column":25},"end":{"line":74,"column":105}}]},"8":{"type":"branch","line":81,"loc":{"start":{"line":81,"column":0},"end":{"line":86,"column":1}},"locations":[{"start":{"line":81,"column":0},"end":{"line":86,"column":1}}]},"9":{"type":"branch","line":83,"loc":{"start":{"line":83,"column":31},"end":{"line":83,"column":55}},"locations":[{"start":{"line":83,"column":31},"end":{"line":83,"column":55}}]},"10":{"type":"branch","line":83,"loc":{"start":{"line":83,"column":55},"end":{"line":83,"column":78}},"locations":[{"start":{"line":83,"column":55},"end":{"line":83,"column":78}}]},"11":{"type":"branch","line":84,"loc":{"start":{"line":84,"column":28},"end":{"line":84,"column":53}},"locations":[{"start":{"line":84,"column":28},"end":{"line":84,"column":53}}]},"12":{"type":"branch","line":84,"loc":{"start":{"line":84,"column":53},"end":{"line":84,"column":71}},"locations":[{"start":{"line":84,"column":53},"end":{"line":84,"column":71}}]},"13":{"type":"branch","line":88,"loc":{"start":{"line":88,"column":0},"end":{"line":96,"column":1}},"locations":[{"start":{"line":88,"column":0},"end":{"line":96,"column":1}}]},"14":{"type":"branch","line":89,"loc":{"start":{"line":89,"column":17},"end":{"line":89,"column":36}},"locations":[{"start":{"line":89,"column":17},"end":{"line":89,"column":36}}]},"15":{"type":"branch","line":90,"loc":{"start":{"line":90,"column":14},"end":{"line":90,"column":26}},"locations":[{"start":{"line":90,"column":14},"end":{"line":90,"column":26}}]},"16":{"type":"branch","line":92,"loc":{"start":{"line":92,"column":30},"end":{"line":93,"column":36}},"locations":[{"start":{"line":92,"column":30},"end":{"line":93,"column":36}}]},"17":{"type":"branch","line":93,"loc":{"start":{"line":93,"column":32},"end":{"line":94,"column":46}},"locations":[{"start":{"line":93,"column":32},"end":{"line":94,"column":46}}]},"18":{"type":"branch","line":98,"loc":{"start":{"line":98,"column":0},"end":{"line":105,"column":1}},"locations":[{"start":{"line":98,"column":0},"end":{"line":105,"column":1}}]},"19":{"type":"branch","line":99,"loc":{"start":{"line":99,"column":37},"end":{"line":101,"column":3}},"locations":[{"start":{"line":99,"column":37},"end":{"line":101,"column":3}}]},"20":{"type":"branch","line":102,"loc":{"start":{"line":102,"column":43},"end":{"line":104,"column":3}},"locations":[{"start":{"line":102,"column":43},"end":{"line":104,"column":3}}]},"21":{"type":"branch","line":107,"loc":{"start":{"line":107,"column":0},"end":{"line":192,"column":1}},"locations":[{"start":{"line":107,"column":0},"end":{"line":192,"column":1}}]},"22":{"type":"branch","line":113,"loc":{"start":{"line":113,"column":15},"end":{"line":115,"column":3}},"locations":[{"start":{"line":113,"column":15},"end":{"line":115,"column":3}}]},"23":{"type":"branch","line":121,"loc":{"start":{"line":121,"column":18},"end":{"line":121,"column":83}},"locations":[{"start":{"line":121,"column":18},"end":{"line":121,"column":83}}]},"24":{"type":"branch","line":121,"loc":{"start":{"line":121,"column":52},"end":{"line":121,"column":92}},"locations":[{"start":{"line":121,"column":52},"end":{"line":121,"column":92}}]},"25":{"type":"branch","line":170,"loc":{"start":{"line":170,"column":61},"end":{"line":176,"column":5}},"locations":[{"start":{"line":170,"column":61},"end":{"line":176,"column":5}}]},"26":{"type":"branch","line":173,"loc":{"start":{"line":173,"column":55},"end":{"line":173,"column":87}},"locations":[{"start":{"line":173,"column":55},"end":{"line":173,"column":87}}]},"27":{"type":"branch","line":173,"loc":{"start":{"line":173,"column":70},"end":{"line":173,"column":103}},"locations":[{"start":{"line":173,"column":70},"end":{"line":173,"column":103}}]},"28":{"type":"branch","line":176,"loc":{"start":{"line":176,"column":4},"end":{"line":178,"column":50}},"locations":[{"start":{"line":176,"column":4},"end":{"line":178,"column":50}}]},"29":{"type":"branch","line":178,"loc":{"start":{"line":178,"column":50},"end":{"line":183,"column":5}},"locations":[{"start":{"line":178,"column":50},"end":{"line":183,"column":5}}]},"30":{"type":"branch","line":179,"loc":{"start":{"line":179,"column":74},"end":{"line":179,"column":98}},"locations":[{"start":{"line":179,"column":74},"end":{"line":179,"column":98}}]},"31":{"type":"branch","line":183,"loc":{"start":{"line":183,"column":4},"end":{"line":186,"column":11}},"locations":[{"start":{"line":183,"column":4},"end":{"line":186,"column":11}}]},"32":{"type":"branch","line":186,"loc":{"start":{"line":186,"column":2},"end":{"line":191,"column":3}},"locations":[{"start":{"line":186,"column":2},"end":{"line":191,"column":3}}]},"33":{"type":"branch","line":187,"loc":{"start":{"line":187,"column":51},"end":{"line":187,"column":74}},"locations":[{"start":{"line":187,"column":51},"end":{"line":187,"column":74}}]},"34":{"type":"branch","line":128,"loc":{"start":{"line":128,"column":7},"end":{"line":159,"column":5}},"locations":[{"start":{"line":128,"column":7},"end":{"line":159,"column":5}}]},"35":{"type":"branch","line":142,"loc":{"start":{"line":142,"column":8},"end":{"line":153,"column":9}},"locations":[{"start":{"line":142,"column":8},"end":{"line":153,"column":9}}]},"36":{"type":"branch","line":144,"loc":{"start":{"line":144,"column":25},"end":{"line":144,"column":100}},"locations":[{"start":{"line":144,"column":25},"end":{"line":144,"column":100}}]},"37":{"type":"branch","line":144,"loc":{"start":{"line":144,"column":73},"end":{"line":144,"column":99}},"locations":[{"start":{"line":144,"column":73},"end":{"line":144,"column":99}}]},"38":{"type":"branch","line":145,"loc":{"start":{"line":145,"column":24},"end":{"line":152,"column":11}},"locations":[{"start":{"line":145,"column":24},"end":{"line":152,"column":11}}]},"39":{"type":"branch","line":147,"loc":{"start":{"line":147,"column":30},"end":{"line":147,"column":46}},"locations":[{"start":{"line":147,"column":30},"end":{"line":147,"column":46}}]},"40":{"type":"branch","line":148,"loc":{"start":{"line":148,"column":33},"end":{"line":148,"column":53}},"locations":[{"start":{"line":148,"column":33},"end":{"line":148,"column":53}}]},"41":{"type":"branch","line":161,"loc":{"start":{"line":161,"column":24},"end":{"line":165,"column":5}},"locations":[{"start":{"line":161,"column":24},"end":{"line":165,"column":5}}]},"42":{"type":"branch","line":163,"loc":{"start":{"line":163,"column":18},"end":{"line":163,"column":29}},"locations":[{"start":{"line":163,"column":18},"end":{"line":163,"column":29}}]},"43":{"type":"branch","line":163,"loc":{"start":{"line":163,"column":25},"end":{"line":164,"column":36}},"locations":[{"start":{"line":163,"column":25},"end":{"line":164,"column":36}}]},"44":{"type":"branch","line":164,"loc":{"start":{"line":164,"column":32},"end":{"line":164,"column":55}},"locations":[{"start":{"line":164,"column":32},"end":{"line":164,"column":55}}]},"45":{"type":"branch","line":164,"loc":{"start":{"line":164,"column":48},"end":{"line":164,"column":60}},"locations":[{"start":{"line":164,"column":48},"end":{"line":164,"column":60}}]},"46":{"type":"branch","line":194,"loc":{"start":{"line":194,"column":0},"end":{"line":196,"column":1}},"locations":[{"start":{"line":194,"column":0},"end":{"line":196,"column":1}}]},"47":{"type":"branch","line":198,"loc":{"start":{"line":198,"column":0},"end":{"line":201,"column":1}},"locations":[{"start":{"line":198,"column":0},"end":{"line":201,"column":1}}]},"48":{"type":"branch","line":203,"loc":{"start":{"line":203,"column":0},"end":{"line":267,"column":1}},"locations":[{"start":{"line":203,"column":0},"end":{"line":267,"column":1}}]},"49":{"type":"branch","line":210,"loc":{"start":{"line":210,"column":33},"end":{"line":210,"column":40}},"locations":[{"start":{"line":210,"column":33},"end":{"line":210,"column":40}}]},"50":{"type":"branch","line":211,"loc":{"start":{"line":211,"column":13},"end":{"line":213,"column":3}},"locations":[{"start":{"line":211,"column":13},"end":{"line":213,"column":3}}]},"51":{"type":"branch","line":215,"loc":{"start":{"line":215,"column":44},"end":{"line":215,"column":71}},"locations":[{"start":{"line":215,"column":44},"end":{"line":215,"column":71}}]},"52":{"type":"branch","line":216,"loc":{"start":{"line":216,"column":64},"end":{"line":216,"column":93}},"locations":[{"start":{"line":216,"column":64},"end":{"line":216,"column":93}}]},"53":{"type":"branch","line":234,"loc":{"start":{"line":234,"column":46},"end":{"line":237,"column":11}},"locations":[{"start":{"line":234,"column":46},"end":{"line":237,"column":11}}]},"54":{"type":"branch","line":237,"loc":{"start":{"line":237,"column":2},"end":{"line":267,"column":1}},"locations":[{"start":{"line":237,"column":2},"end":{"line":267,"column":1}}]},"55":{"type":"branch","line":238,"loc":{"start":{"line":238,"column":51},"end":{"line":238,"column":74}},"locations":[{"start":{"line":238,"column":51},"end":{"line":238,"column":74}}]},"56":{"type":"branch","line":240,"loc":{"start":{"line":240,"column":44},"end":{"line":241,"column":98}},"locations":[{"start":{"line":240,"column":44},"end":{"line":241,"column":98}}]},"57":{"type":"branch","line":243,"loc":{"start":{"line":243,"column":9},"end":{"line":243,"column":81}},"locations":[{"start":{"line":243,"column":9},"end":{"line":243,"column":81}}]},"58":{"type":"branch","line":243,"loc":{"start":{"line":243,"column":81},"end":{"line":249,"column":3}},"locations":[{"start":{"line":243,"column":81},"end":{"line":249,"column":3}}]},"59":{"type":"branch","line":218,"loc":{"start":{"line":218,"column":18},"end":{"line":229,"column":3}},"locations":[{"start":{"line":218,"column":18},"end":{"line":229,"column":3}}]},"60":{"type":"branch","line":226,"loc":{"start":{"line":226,"column":69},"end":{"line":228,"column":28}},"locations":[{"start":{"line":226,"column":69},"end":{"line":228,"column":28}}]},"61":{"type":"branch","line":269,"loc":{"start":{"line":269,"column":0},"end":{"line":306,"column":1}},"locations":[{"start":{"line":269,"column":0},"end":{"line":306,"column":1}}]},"62":{"type":"branch","line":275,"loc":{"start":{"line":275,"column":66},"end":{"line":275,"column":95}},"locations":[{"start":{"line":275,"column":66},"end":{"line":275,"column":95}}]},"63":{"type":"branch","line":297,"loc":{"start":{"line":297,"column":2},"end":{"line":299,"column":4}},"locations":[{"start":{"line":297,"column":2},"end":{"line":299,"column":4}}]},"64":{"type":"branch","line":302,"loc":{"start":{"line":302,"column":4},"end":{"line":304,"column":5}},"locations":[{"start":{"line":302,"column":4},"end":{"line":304,"column":5}}]}},"b":{"0":[2],"1":[5],"2":[17],"3":[1],"4":[1],"5":[4],"6":[1],"7":[0],"8":[9],"9":[2],"10":[7],"11":[2],"12":[7],"13":[4],"14":[0],"15":[0],"16":[2],"17":[2],"18":[3],"19":[0],"20":[0],"21":[5],"22":[0],"23":[1],"24":[4],"25":[1],"26":[0],"27":[0],"28":[4],"29":[1],"30":[0],"31":[3],"32":[2],"33":[0],"34":[5],"35":[5],"36":[5],"37":[0],"38":[5],"39":[0],"40":[0],"41":[15],"42":[10],"43":[5],"44":[0],"45":[5],"46":[3],"47":[3],"48":[3],"49":[0],"50":[0],"51":[0],"52":[0],"53":[1],"54":[2],"55":[0],"56":[1],"57":[1],"58":[1],"59":[4],"60":[2],"61":[1],"62":[0],"63":[0],"64":[0]},"fnMap":{"0":{"name":"TogetherTtsError","decl":{"start":{"line":43,"column":2},"end":{"line":48,"column":3}},"loc":{"start":{"line":43,"column":2},"end":{"line":48,"column":3}},"line":43},"1":{"name":"resolveTogetherProxyUrl","decl":{"start":{"line":58,"column":0},"end":{"line":71,"column":1}},"loc":{"start":{"line":58,"column":0},"end":{"line":71,"column":1}},"line":58},"2":{"name":"getProxyAgent","decl":{"start":{"line":73,"column":0},"end":{"line":79,"column":1}},"loc":{"start":{"line":73,"column":0},"end":{"line":79,"column":1}},"line":73},"3":{"name":"getTogetherConfig","decl":{"start":{"line":81,"column":0},"end":{"line":86,"column":1}},"loc":{"start":{"line":81,"column":0},"end":{"line":86,"column":1}},"line":81},"4":{"name":"isAcceptableWavContentType","decl":{"start":{"line":88,"column":0},"end":{"line":96,"column":1}},"loc":{"start":{"line":88,"column":0},"end":{"line":96,"column":1}},"line":88},"5":{"name":"assertWavBytes","decl":{"start":{"line":98,"column":0},"end":{"line":105,"column":1}},"loc":{"start":{"line":98,"column":0},"end":{"line":105,"column":1}},"line":98},"6":{"name":"fetchTogetherWavBytes","decl":{"start":{"line":107,"column":0},"end":{"line":192,"column":1}},"loc":{"start":{"line":107,"column":0},"end":{"line":192,"column":1}},"line":107},"7":{"name":"buffer","decl":{"start":{"line":128,"column":7},"end":{"line":159,"column":5}},"loc":{"start":{"line":128,"column":7},"end":{"line":159,"column":5}},"line":128},"8":{"name":"headerValue","decl":{"start":{"line":161,"column":24},"end":{"line":165,"column":5}},"loc":{"start":{"line":161,"column":24},"end":{"line":165,"column":5}},"line":161},"9":{"name":"resolveAudioDir","decl":{"start":{"line":194,"column":0},"end":{"line":196,"column":1}},"loc":{"start":{"line":194,"column":0},"end":{"line":196,"column":1}},"line":194},"10":{"name":"buildTtsFilename","decl":{"start":{"line":198,"column":0},"end":{"line":201,"column":1}},"loc":{"start":{"line":198,"column":0},"end":{"line":201,"column":1}},"line":198},"11":{"name":"generateTogetherTtsAudio","decl":{"start":{"line":203,"column":0},"end":{"line":267,"column":1}},"loc":{"start":{"line":203,"column":0},"end":{"line":267,"column":1}},"line":203},"12":{"name":"attempt","decl":{"start":{"line":218,"column":18},"end":{"line":229,"column":3}},"loc":{"start":{"line":218,"column":18},"end":{"line":229,"column":3}},"line":218},"13":{"name":"runTogetherTtsHealthProbe","decl":{"start":{"line":269,"column":0},"end":{"line":306,"column":1}},"loc":{"start":{"line":269,"column":0},"end":{"line":306,"column":1}},"line":269},"14":{"name":"getTogetherProxyStatus","decl":{"start":{"line":308,"column":7},"end":{"line":316,"column":1}},"loc":{"start":{"line":308,"column":7},"end":{"line":316,"column":1}},"line":308},"15":{"name":"isTogetherTtsError","decl":{"start":{"line":318,"column":7},"end":{"line":320,"column":1}},"loc":{"start":{"line":318,"column":7},"end":{"line":320,"column":1}},"line":318}},"f":{"0":2,"1":5,"2":1,"3":9,"4":4,"5":3,"6":5,"7":5,"8":15,"9":3,"10":3,"11":3,"12":4,"13":1,"14":0,"15":0}}
}
