TN:
SF:app/page.tsx
FN:13,HomePage
FNF:1
FNH:1
FNDA:2,HomePage
DA:8,1
DA:9,1
DA:10,1
DA:11,1
DA:13,2
DA:14,2
DA:15,2
DA:16,2
DA:17,2
DA:18,2
DA:19,2
DA:20,2
DA:21,2
DA:22,2
DA:23,2
DA:24,2
DA:25,2
DA:26,2
DA:29,2
DA:30,1
DA:31,2
DA:33,2
DA:34,2
DA:35,0
DA:36,0
DA:37,2
DA:38,2
DA:40,2
DA:41,2
DA:42,2
DA:43,2
DA:44,2
DA:45,2
DA:46,2
DA:47,2
DA:48,2
DA:49,2
DA:50,2
DA:51,2
DA:54,2
DA:55,2
DA:57,2
DA:59,1
LF:43
LH:41
BRDA:13,0,0,2
BRDA:29,1,0,1
BRF:2
BRH:2
end_of_record
TN:
SF:app/admin/page.tsx
FN:15,formatDate
FN:19,formatAccuracy
FN:24,formatPercent
FN:28,downloadCsv
FN:41,StatsGrid
FN:66,EffectReportPanel
FN:107,toCsv
FN:148,onClick
FN:232,UsersTable
FN:283,SessionsTable
FN:342,AdminPage
FN:373,onClick
FNF:12
FNH:8
FNDA:3,formatDate
FNDA:1,formatAccuracy
FNDA:7,formatPercent
FNDA:0,downloadCsv
FNDA:1,StatsGrid
FNDA:1,EffectReportPanel
FNDA:0,toCsv
FNDA:0,onClick
FNDA:1,UsersTable
FNDA:1,SessionsTable
FNDA:3,AdminPage
FNDA:0,onClick
DA:3,1
DA:4,1
DA:5,1
DA:6,1
DA:7,1
DA:8,1
DA:9,1
DA:10,1
DA:11,1
DA:12,1
DA:15,3
DA:16,3
DA:17,3
DA:19,1
DA:20,1
DA:21,1
DA:22,1
DA:24,7
DA:25,7
DA:26,7
DA:28,0
DA:29,0
DA:30,0
DA:31,0
DA:32,0
DA:33,0
DA:34,0
DA:35,0
DA:36,0
DA:37,0
DA:38,0
DA:39,0
DA:41,1
DA:42,1
DA:43,1
DA:44,1
DA:45,1
DA:46,1
DA:47,1
DA:49,1
DA:50,1
DA:51,1
DA:52,4
DA:53,4
DA:54,4
DA:55,4
DA:56,4
DA:57,4
DA:58,4
DA:59,4
DA:60,4
DA:61,1
DA:62,1
DA:64,1
DA:66,1
DA:67,1
DA:68,1
DA:69,1
DA:70,1
DA:71,1
DA:72,1
DA:73,1
DA:74,1
DA:75,1
DA:76,1
DA:77,1
DA:78,1
DA:79,1
DA:80,1
DA:81,1
DA:82,1
DA:83,1
DA:84,1
DA:85,1
DA:86,1
DA:87,1
DA:88,1
DA:89,1
DA:90,1
DA:91,1
DA:92,1
DA:94,1
DA:95,1
DA:96,1
DA:97,1
DA:98,1
DA:99,1
DA:100,1
DA:101,1
DA:102,1
DA:103,1
DA:104,1
DA:105,1
DA:107,1
DA:108,0
DA:109,0
DA:110,0
DA:111,0
DA:112,0
DA:113,0
DA:114,0
DA:115,0
DA:116,0
DA:117,0
DA:118,0
DA:119,0
DA:120,0
DA:121,0
DA:122,0
DA:123,0
DA:124,0
DA:125,0
DA:126,0
DA:127,0
DA:128,0
DA:130,1
DA:131,1
DA:132,1
DA:133,1
DA:134,1
DA:135,1
DA:136,1
DA:137,1
DA:139,1
DA:141,1
DA:142,1
DA:143,1
DA:144,1
DA:145,1
DA:146,1
DA:147,1
DA:148,1
DA:149,0
DA:150,0
DA:151,0
DA:152,1
DA:154,1
DA:155,1
DA:156,1
DA:158,1
DA:159,1
DA:160,4
DA:161,4
DA:162,4
DA:163,4
DA:164,4
DA:165,4
DA:166,4
DA:167,4
DA:168,4
DA:169,1
DA:170,1
DA:172,1
DA:173,1
DA:174,1
DA:175,1
DA:176,1
DA:177,1
DA:178,1
DA:179,1
DA:180,1
DA:181,1
DA:182,1
DA:183,1
DA:184,1
DA:185,1
DA:186,1
DA:187,1
DA:188,1
DA:189,1
DA:190,1
DA:191,1
DA:192,1
DA:193,1
DA:194,1
DA:195,1
DA:196,1
DA:197,1
DA:198,1
DA:199,1
DA:200,1
DA:201,1
DA:202,1
DA:203,1
DA:204,1
DA:205,1
DA:206,1
DA:207,1
DA:208,1
DA:209,1
DA:210,1
DA:211,1
DA:213,1
DA:215,0
DA:217,1
DA:218,1
DA:219,1
DA:220,1
DA:221,1
DA:223,1
DA:224,0
DA:226,1
DA:227,1
DA:228,1
DA:230,1
DA:232,1
DA:233,1
DA:234,1
DA:235,1
DA:236,1
DA:237,1
DA:239,1
DA:240,1
DA:241,1
DA:242,1
DA:243,1
DA:244,1
DA:245,1
DA:246,1
DA:247,1
DA:248,1
DA:249,1
DA:250,1
DA:251,1
DA:252,1
DA:253,1
DA:254,1
DA:255,1
DA:256,1
DA:257,1
DA:258,0
DA:260,0
DA:262,1
DA:264,1
DA:265,1
DA:266,1
DA:267,1
DA:268,1
DA:269,1
DA:270,1
DA:271,1
DA:272,1
DA:273,1
DA:275,1
DA:276,0
DA:278,1
DA:279,1
DA:281,1
DA:283,1
DA:284,1
DA:285,1
DA:286,1
DA:287,1
DA:288,1
DA:289,1
DA:290,1
DA:291,1
DA:292,1
DA:293,1
DA:294,1
DA:295,1
DA:296,1
DA:297,1
DA:298,1
DA:299,1
DA:300,1
DA:301,1
DA:302,1
DA:303,1
DA:304,1
DA:305,1
DA:306,1
DA:307,1
DA:308,1
DA:309,1
DA:310,1
DA:311,1
DA:312,1
DA:313,1
DA:314,1
DA:315,1
DA:316,1
DA:317,1
DA:318,1
DA:320,1
DA:321,1
DA:323,0
DA:325,1
DA:326,1
DA:327,1
DA:328,1
DA:329,1
DA:330,1
DA:331,1
DA:332,1
DA:333,1
DA:334,1
DA:336,1
DA:337,1
DA:338,1
DA:340,1
DA:342,3
DA:343,3
DA:344,3
DA:346,3
DA:347,3
DA:348,1
DA:349,1
DA:350,3
DA:352,3
DA:353,1
DA:354,1
DA:355,1
DA:356,1
DA:357,1
DA:358,1
DA:359,1
DA:361,1
DA:363,3
DA:364,1
DA:365,1
DA:366,1
DA:367,1
DA:368,1
DA:369,1
DA:370,1
DA:371,1
DA:373,1
DA:375,1
DA:376,1
DA:377,1
DA:378,1
DA:380,1
DA:382,1
DA:383,1
DA:384,1
DA:385,1
DA:386,1
DA:387,1
DA:388,1
DA:390,1
DA:391,3
DA:392,3
DA:393,3
DA:395,3
DA:396,3
DA:398,3
DA:400,3
DA:401,3
DA:402,3
DA:403,3
DA:404,3
DA:405,3
DA:407,3
DA:408,3
DA:409,3
DA:410,3
DA:411,3
DA:412,3
DA:413,3
DA:414,3
DA:416,3
DA:418,3
DA:419,3
DA:420,3
DA:421,3
DA:423,3
DA:424,3
DA:425,3
DA:427,3
DA:428,3
DA:429,1
DA:431,0
DA:433,3
DA:434,3
DA:435,3
DA:436,3
DA:437,3
DA:439,3
LF:379
LH:336
BRDA:15,0,0,3
BRDA:19,1,0,1
BRDA:20,2,0,0
BRDA:24,3,0,7
BRDA:41,4,0,1
BRDA:51,5,0,4
BRDA:66,6,0,1
BRDA:223,7,0,0
BRDA:159,8,0,4
BRDA:187,9,0,1
BRDA:200,10,0,0
BRDA:205,11,0,0
BRDA:213,12,0,0
BRDA:232,13,0,1
BRDA:275,14,0,0
BRDA:275,15,0,0
BRDA:252,16,0,1
BRDA:255,17,0,0
BRDA:257,18,0,0
BRDA:266,19,0,0
BRDA:283,20,0,1
BRDA:336,21,0,0
BRDA:302,22,0,1
BRDA:306,23,0,0
BRDA:318,24,0,0
BRDA:321,25,0,0
BRDA:326,26,0,0
BRDA:328,27,0,0
BRDA:342,28,0,3
BRDA:352,29,0,1
BRDA:361,30,0,2
BRDA:363,31,0,1
BRDA:391,32,0,0
BRDA:398,33,0,1
BRDA:416,34,0,0
BRDA:416,35,0,1
BRDA:428,36,0,1
BRDA:429,37,0,0
BRDA:346,38,0,3
BRDA:347,39,0,1
BRF:40
BRH:21
end_of_record
TN:
SF:app/tcp-concept-lab/page.tsx
FN:15,TcpLabPage
FN:29,addLog
FN:31,runHandshakeAnimation
FN:53,handleSend
FN:209,onChange
FN:266,PacketAnimation
FNF:6
FNH:5
FNDA:3,TcpLabPage
FNDA:6,addLog
FNDA:1,runHandshakeAnimation
FNDA:1,handleSend
FNDA:0,onChange
FNDA:1,PacketAnimation
DA:3,1
DA:4,1
DA:5,1
DA:6,1
DA:7,1
DA:8,1
DA:9,1
DA:10,1
DA:15,3
DA:16,3
DA:17,3
DA:18,3
DA:19,3
DA:20,3
DA:21,3
DA:23,3
DA:24,3
DA:25,2
DA:26,2
DA:27,3
DA:29,3
DA:31,3
DA:33,1
DA:34,1
DA:35,1
DA:38,1
DA:39,1
DA:40,1
DA:43,1
DA:44,1
DA:45,1
DA:48,1
DA:49,1
DA:50,1
DA:51,1
DA:53,3
DA:54,1
DA:56,1
DA:57,1
DA:60,1
DA:62,1
DA:63,1
DA:65,1
DA:67,1
DA:70,1
DA:72,1
DA:73,1
DA:74,1
DA:76,1
DA:77,1
DA:78,1
DA:79,0
DA:80,0
DA:81,1
DA:82,0
DA:83,1
DA:85,1
DA:86,1
DA:87,1
DA:88,1
DA:89,1
DA:90,1
DA:91,1
DA:93,3
DA:94,3
DA:95,3
DA:96,3
DA:98,3
DA:99,3
DA:101,3
DA:102,3
DA:104,3
DA:106,3
DA:107,3
DA:108,3
DA:110,3
DA:111,3
DA:112,3
DA:113,3
DA:115,3
DA:118,3
DA:121,3
DA:122,3
DA:123,3
DA:124,3
DA:125,3
DA:126,3
DA:127,3
DA:130,3
DA:131,3
DA:132,0
DA:133,0
DA:134,0
DA:135,0
DA:136,0
DA:137,0
DA:138,3
DA:139,3
DA:142,3
DA:143,3
DA:144,3
DA:145,3
DA:146,3
DA:147,3
DA:148,3
DA:151,3
DA:152,3
DA:153,1
DA:154,1
DA:155,1
DA:156,1
DA:157,1
DA:158,1
DA:161,3
DA:162,0
DA:163,0
DA:164,0
DA:165,0
DA:166,0
DA:167,0
DA:170,3
DA:171,0
DA:172,0
DA:173,0
DA:174,0
DA:175,0
DA:176,0
DA:179,3
DA:180,0
DA:181,0
DA:182,0
DA:183,0
DA:184,0
DA:185,0
DA:186,0
DA:188,3
DA:190,3
DA:193,3
DA:194,3
DA:195,3
DA:196,3
DA:197,3
DA:198,3
DA:199,3
DA:200,3
DA:201,3
DA:202,3
DA:203,3
DA:206,3
DA:207,3
DA:208,3
DA:209,3
DA:210,3
DA:211,3
DA:212,3
DA:213,3
DA:214,3
DA:215,3
DA:216,3
DA:217,3
DA:219,3
DA:220,3
DA:221,3
DA:223,3
DA:224,3
DA:225,3
DA:228,3
DA:229,3
DA:230,3
DA:231,3
DA:233,3
DA:234,3
DA:235,3
DA:236,3
DA:237,3
DA:238,1
DA:240,1
DA:242,1
DA:244,2
DA:245,2
DA:246,12
DA:247,9
DA:248,8
DA:249,8
DA:250,12
DA:251,12
DA:252,12
DA:253,12
DA:254,2
DA:255,2
DA:256,2
DA:258,3
DA:259,3
DA:260,3
DA:261,3
DA:262,3
DA:264,3
DA:266,1
DA:267,1
DA:268,1
DA:269,1
DA:270,1
DA:271,1
DA:272,1
DA:273,1
DA:275,1
DA:276,1
DA:277,1
DA:278,1
DA:279,1
DA:281,1
LF:211
LH:183
BRDA:15,0,0,3
BRDA:122,1,0,1
BRDA:122,2,0,2
BRDA:131,3,0,0
BRDA:143,4,0,1
BRDA:143,5,0,2
BRDA:152,6,0,1
BRDA:161,7,0,0
BRDA:170,8,0,0
BRDA:179,9,0,0
BRDA:196,10,0,2
BRDA:197,11,0,1
BRDA:198,12,0,0
BRDA:199,13,0,0
BRDA:200,14,0,0
BRDA:201,15,0,0
BRDA:219,16,0,1
BRDA:219,17,0,2
BRDA:237,18,0,1
BRDA:242,19,0,2
BRDA:23,20,0,3
BRDA:24,21,0,2
BRDA:29,22,0,6
BRDA:29,23,0,6
BRDA:31,24,0,1
BRDA:35,25,0,1
BRDA:40,26,0,1
BRDA:45,27,0,1
BRDA:50,28,0,1
BRDA:53,29,0,1
BRDA:54,30,0,0
BRDA:78,31,0,0
BRDA:81,32,0,0
BRDA:57,33,0,1
BRDA:72,34,0,1
BRDA:73,35,0,1
BRDA:85,36,0,1
BRDA:245,37,0,12
BRDA:246,38,0,3
BRDA:246,39,0,9
BRDA:247,40,0,1
BRDA:247,41,0,8
BRDA:248,42,0,0
BRDA:266,43,0,1
BRDA:270,44,0,0
BRDA:271,45,0,0
BRF:46
BRH:32
end_of_record
TN:
SF:components/home/authentication-gate.tsx
FN:27,AuthenticationGate
FNF:1
FNH:1
FNDA:4,AuthenticationGate
DA:5,1
DA:7,1
DA:8,1
DA:9,1
DA:10,1
DA:27,1
DA:28,4
DA:29,4
DA:30,4
DA:31,4
DA:32,4
DA:33,4
DA:34,4
DA:35,4
DA:36,4
DA:37,4
DA:38,4
DA:39,4
DA:40,4
DA:41,1
DA:42,1
DA:43,1
DA:44,1
DA:45,1
DA:46,1
DA:47,1
DA:48,1
DA:49,1
DA:50,1
DA:51,1
DA:52,1
DA:54,1
DA:56,4
DA:57,1
DA:58,1
DA:59,1
DA:60,1
DA:62,1
DA:65,4
DA:66,1
DA:67,1
DA:68,1
DA:69,1
DA:70,1
DA:71,1
DA:72,1
DA:73,1
DA:74,1
DA:75,1
DA:77,1
DA:79,1
DA:80,1
LF:52
LH:52
BRDA:27,0,0,4
BRDA:40,1,0,3
BRDA:40,2,0,1
BRDA:54,3,0,3
BRDA:56,4,0,1
BRDA:62,5,0,2
BRDA:65,6,0,1
BRDA:73,7,0,0
BRF:8
BRH:7
end_of_record
TN:
SF:components/home/recommended-topics.tsx
FN:51,RecommendedTopics
FN:71,normalizeTopics
FN:98,fetchTopics
FN:117,handleRefresh
FN:132,formatTimeAgo
FN:141,getCategoryLabel
FN:197,onClick
FN:207,onClick
FN:224,onClick
FN:263,onClick
FN:288,onClick
FNF:11
FNH:7
FNDA:3,RecommendedTopics
FNDA:1,normalizeTopics
FNDA:1,fetchTopics
FNDA:0,handleRefresh
FNDA:2,formatTimeAgo
FNDA:1,getCategoryLabel
FNDA:0,onClick
FNDA:0,onClick
FNDA:1,onClick
FNDA:1,onClick
FNDA:0,onClick
DA:3,1
DA:4,1
DA:5,1
DA:6,1
DA:7,1
DA:8,1
DA:9,1
DA:10,1
DA:49,1
DA:51,1
DA:52,3
DA:53,3
DA:54,3
DA:55,3
DA:56,3
DA:57,3
DA:58,3
DA:59,3
DA:60,3
DA:61,3
DA:62,3
DA:63,3
DA:64,3
DA:65,3
DA:67,3
DA:68,1
DA:69,3
DA:71,3
DA:72,1
DA:74,1
DA:76,1
DA:77,1
DA:78,0
DA:79,0
DA:80,0
DA:82,1
DA:83,1
DA:85,1
DA:86,1
DA:88,1
DA:89,1
DA:90,1
DA:91,1
DA:92,1
DA:93,1
DA:95,1
DA:96,1
DA:98,3
DA:99,1
DA:100,1
DA:101,1
DA:102,1
DA:103,1
DA:104,1
DA:105,1
DA:106,1
DA:107,1
DA:108,1
DA:109,1
DA:110,1
DA:111,0
DA:112,1
DA:113,1
DA:114,1
DA:115,1
DA:117,3
DA:118,0
DA:119,0
DA:120,0
DA:121,0
DA:122,0
DA:123,0
DA:124,0
DA:125,0
DA:126,0
DA:127,0
DA:128,0
DA:129,0
DA:130,0
DA:132,3
DA:133,2
DA:134,2
DA:135,2
DA:136,2
DA:137,0
DA:138,0
DA:139,2
DA:141,3
DA:142,1
DA:143,1
DA:144,1
DA:145,1
DA:147,3
DA:148,3
DA:150,3
DA:151,1
DA:152,1
DA:153,1
DA:154,1
DA:155,1
DA:156,1
DA:157,1
DA:159,1
DA:161,2
DA:162,2
DA:163,2
DA:164,2
DA:165,2
DA:166,2
DA:167,2
DA:168,2
DA:169,2
DA:170,2
DA:171,2
DA:172,1
DA:173,1
DA:174,1
DA:176,3
DA:177,3
DA:178,3
DA:179,3
DA:180,3
DA:182,3
DA:183,0
DA:185,2
DA:187,3
DA:188,3
DA:189,3
DA:192,3
DA:193,3
DA:194,3
DA:195,3
DA:196,3
DA:197,3
DA:198,3
DA:200,3
DA:201,3
DA:202,3
DA:203,1
DA:204,1
DA:205,1
DA:206,1
DA:207,1
DA:208,1
DA:210,1
DA:211,1
DA:212,3
DA:213,3
DA:216,3
DA:217,3
DA:218,3
DA:219,3
DA:220,8
DA:221,8
DA:222,8
DA:223,8
DA:224,8
DA:225,8
DA:227,8
DA:228,8
DA:229,3
DA:230,3
DA:231,3
DA:233,3
DA:234,1
DA:235,1
DA:236,1
DA:237,1
DA:238,0
DA:240,1
DA:242,1
DA:243,1
DA:244,1
DA:245,1
DA:246,0
DA:247,0
DA:248,0
DA:249,1
DA:250,0
DA:251,0
DA:252,0
DA:254,1
DA:255,1
DA:256,1
DA:257,1
DA:258,1
DA:259,1
DA:260,1
DA:261,1
DA:262,1
DA:263,1
DA:265,1
DA:266,1
DA:267,1
DA:268,1
DA:269,1
DA:270,1
DA:271,1
DA:272,1
DA:273,1
DA:274,0
DA:275,0
DA:276,0
DA:278,1
DA:279,1
DA:280,1
DA:281,1
DA:283,1
DA:284,1
DA:285,1
DA:286,1
DA:287,1
DA:288,1
DA:289,1
DA:291,1
DA:292,1
DA:293,1
DA:294,1
DA:295,1
DA:296,1
DA:297,1
DA:299,1
DA:300,1
DA:302,3
DA:304,3
LF:225
LH:195
BRDA:51,0,0,3
BRDA:147,1,0,2
BRDA:147,2,0,0
BRDA:150,3,0,1
BRDA:150,4,0,1
BRDA:159,5,0,2
BRDA:171,6,0,1
BRDA:182,7,0,0
BRDA:183,8,0,2
BRDA:195,9,0,2
BRDA:195,10,0,0
BRDA:200,11,0,0
BRDA:200,12,0,2
BRDA:233,13,0,1
BRDA:237,14,0,0
BRDA:244,15,0,1
BRDA:245,16,0,0
BRDA:249,17,0,0
BRDA:67,18,0,1
BRDA:71,19,0,1
BRDA:72,20,0,0
BRDA:77,21,0,0
BRDA:82,22,0,1
BRDA:83,23,0,0
BRDA:86,24,0,0
BRDA:98,25,0,1
BRDA:102,26,0,0
BRDA:107,27,0,0
BRDA:110,28,0,0
BRDA:132,29,0,2
BRDA:136,30,0,0
BRDA:141,31,0,1
BRDA:143,32,0,0
BRDA:144,33,0,0
BRDA:202,34,0,1
BRDA:205,35,0,0
BRDA:210,36,0,0
BRDA:219,37,0,8
BRDA:222,38,0,2
BRDA:222,39,0,6
BRDA:224,40,0,1
BRDA:255,41,0,1
BRDA:261,42,0,0
BRDA:273,43,0,0
BRDA:256,44,0,1
BRDA:263,45,0,1
BRF:46
BRH:25
end_of_record
TN:
SF:components/ui/badge.tsx
FN:30,Badge
FNF:1
FNH:1
FNDA:10,Badge
DA:2,1
DA:4,1
DA:6,1
DA:7,1
DA:8,1
DA:9,1
DA:10,1
DA:11,1
DA:12,1
DA:13,1
DA:14,1
DA:15,1
DA:16,1
DA:17,1
DA:18,1
DA:19,1
DA:20,1
DA:21,1
DA:22,1
DA:23,1
DA:24,1
DA:30,10
DA:31,10
DA:32,10
DA:34,10
LF:25
LH:25
BRDA:30,0,0,10
BRF:1
BRH:1
end_of_record
TN:
SF:components/ui/button.tsx
FNF:0
FNH:0
DA:1,1
DA:2,1
DA:3,1
DA:5,1
DA:7,1
DA:8,1
DA:9,1
DA:10,1
DA:11,1
DA:12,1
DA:13,1
DA:14,1
DA:15,1
DA:16,1
DA:17,1
DA:18,1
DA:19,1
DA:20,1
DA:21,1
DA:22,1
DA:23,1
DA:24,1
DA:25,1
DA:26,1
DA:27,1
DA:28,1
DA:29,1
DA:30,1
DA:31,1
DA:32,1
DA:33,1
DA:34,1
DA:35,1
DA:43,1
DA:44,1
DA:45,21
DA:46,21
DA:47,21
DA:48,21
DA:49,21
DA:50,21
DA:51,21
DA:53,21
DA:54,1
DA:55,1
LF:45
LH:45
BRDA:44,0,0,21
BRDA:45,1,0,0
BRF:2
BRH:1
end_of_record
TN:
SF:components/ui/card.tsx
FNF:0
FNH:0
DA:1,1
DA:3,1
DA:5,1
DA:8,1
DA:9,25
DA:10,25
DA:11,25
DA:12,25
DA:13,25
DA:14,25
DA:15,25
DA:16,25
DA:17,25
DA:18,1
DA:20,1
DA:23,1
DA:24,6
DA:25,6
DA:26,6
DA:27,6
DA:28,6
DA:29,6
DA:30,1
DA:32,1
DA:35,1
DA:36,6
DA:37,6
DA:38,6
DA:39,6
DA:40,6
DA:41,6
DA:42,6
DA:43,6
DA:44,6
DA:45,1
DA:47,1
DA:50,1
DA:51,3
DA:52,3
DA:53,3
DA:54,3
DA:55,3
DA:56,3
DA:57,1
DA:59,1
DA:62,1
DA:63,6
DA:64,1
DA:65,1
DA:67,1
DA:70,1
DA:71,0
DA:72,0
DA:73,0
DA:74,0
DA:75,0
DA:76,0
DA:77,1
LF:58
LH:52
BRDA:8,0,0,25
BRDA:23,1,0,6
BRDA:35,2,0,6
BRDA:50,3,0,3
BRDA:62,4,0,6
BRF:5
BRH:5
end_of_record
TN:
SF:components/ui/input.tsx
FNF:0
FNH:0
DA:1,1
DA:3,1
DA:5,1
DA:6,1
DA:7,3
DA:8,3
DA:9,3
DA:10,3
DA:11,3
DA:12,3
DA:13,3
DA:14,3
DA:15,3
DA:16,3
DA:18,3
DA:19,1
DA:20,1
LF:17
LH:17
BRDA:6,0,0,3
BRF:1
BRH:1
end_of_record
TN:
SF:components/ui/scroll-area.tsx
FNF:0
FNH:0
DA:3,1
DA:4,1
DA:6,1
DA:8,1
DA:11,1
DA:12,3
DA:13,3
DA:14,3
DA:15,3
DA:17,3
DA:18,3
DA:19,3
DA:20,3
DA:21,3
DA:22,3
DA:23,3
DA:24,1
DA:26,1
DA:29,1
DA:30,3
DA:31,3
DA:32,3
DA:33,3
DA:34,3
DA:35,3
DA:36,3
DA:37,3
DA:38,0
DA:39,3
DA:40,3
DA:41,3
DA:43,3
DA:44,3
DA:45,3
DA:46,1
LF:35
LH:34
BRDA:11,0,0,3
BRDA:29,1,0,3
BRDA:37,2,0,0
BRF:3
BRH:2
end_of_record
TN:
SF:components/ui/table.tsx
FNF:0
FNH:0
DA:1,1
DA:3,1
DA:5,1
DA:8,1
DA:9,3
DA:10,3
DA:11,3
DA:12,3
DA:13,3
DA:14,3
DA:15,3
DA:16,1
DA:17,1
DA:19,1
DA:22,1
DA:23,3
DA:24,1
DA:25,1
DA:27,1
DA:30,1
DA:31,3
DA:32,3
DA:33,3
DA:34,3
DA:35,3
DA:36,3
DA:37,1
DA:39,1
DA:42,1
DA:43,0
DA:44,0
DA:45,0
DA:46,0
DA:47,0
DA:48,0
DA:49,0
DA:50,0
DA:51,0
DA:52,1
DA:54,1
DA:57,1
DA:58,6
DA:59,6
DA:60,6
DA:61,6
DA:62,6
DA:63,6
DA:64,6
DA:65,6
DA:66,6
DA:67,1
DA:69,1
DA:72,1
DA:73,21
DA:74,21
DA:75,21
DA:76,21
DA:77,21
DA:78,21
DA:79,21
DA:80,21
DA:81,21
DA:82,1
DA:84,1
DA:87,1
DA:88,21
DA:89,21
DA:90,21
DA:91,21
DA:92,21
DA:93,21
DA:94,1
DA:96,1
DA:99,1
DA:100,0
DA:101,0
DA:102,0
DA:103,0
DA:104,0
DA:105,0
DA:106,1
LF:81
LH:66
BRDA:8,0,0,3
BRDA:22,1,0,3
BRDA:30,2,0,3
BRDA:57,3,0,6
BRDA:72,4,0,21
BRDA:87,5,0,21
BRF:6
BRH:6
end_of_record
TN:
SF:components/ui/tabs.tsx
FNF:0
FNH:0
DA:3,1
DA:4,1
DA:6,1
DA:8,1
DA:10,1
DA:13,1
DA:14,1
DA:15,1
DA:16,1
DA:17,1
DA:18,1
DA:19,1
DA:20,1
DA:21,1
DA:22,1
DA:23,1
DA:25,1
DA:28,1
DA:29,3
DA:30,3
DA:31,3
DA:32,3
DA:33,3
DA:34,3
DA:35,3
DA:36,3
DA:37,3
DA:38,1
DA:40,1
DA:43,1
DA:44,3
DA:45,3
DA:46,3
DA:47,3
DA:48,3
DA:49,3
DA:50,3
DA:51,3
DA:52,3
DA:53,1
LF:40
LH:40
BRDA:13,0,0,1
BRDA:28,1,0,3
BRDA:43,2,0,3
BRF:3
BRH:3
end_of_record
TN:
SF:components/ui/toast.tsx
FNF:0
FNH:0
DA:3,1
DA:4,1
DA:5,1
DA:6,1
DA:8,1
DA:10,1
DA:12,1
DA:15,1
DA:16,2
DA:17,2
DA:18,2
DA:19,2
DA:20,2
DA:21,2
DA:22,2
DA:23,2
DA:24,2
DA:25,1
DA:27,1
DA:28,1
DA:29,1
DA:30,1
DA:31,1
DA:32,1
DA:33,1
DA:34,1
DA:35,1
DA:36,1
DA:37,1
DA:38,1
DA:39,1
DA:40,1
DA:41,1
DA:43,1
DA:47,1
DA:48,0
DA:49,0
DA:50,0
DA:51,0
DA:52,0
DA:53,0
DA:55,0
DA:56,1
DA:58,1
DA:61,1
DA:62,0
DA:63,0
DA:64,0
DA:65,0
DA:66,0
DA:67,0
DA:68,0
DA:69,0
DA:70,0
DA:71,1
DA:73,1
DA:76,1
DA:77,0
DA:78,0
DA:79,0
DA:80,0
DA:81,0
DA:82,0
DA:83,0
DA:84,0
DA:86,0
DA:87,0
DA:88,0
DA:89,1
DA:91,1
DA:94,1
DA:95,0
DA:96,0
DA:97,0
DA:98,0
DA:99,0
DA:100,0
DA:101,1
DA:103,1
DA:106,1
DA:107,0
DA:108,0
DA:109,0
DA:110,0
DA:111,0
DA:112,0
DA:113,1
LF:87
LH:48
BRDA:15,0,0,2
BRF:1
BRH:1
end_of_record
TN:
SF:components/ui/toaster.tsx
FN:13,Toaster
FNF:1
FNH:1
FNDA:2,Toaster
DA:3,1
DA:4,1
DA:13,1
DA:14,2
DA:16,2
DA:17,2
DA:18,2
DA:19,0
DA:20,0
DA:21,0
DA:22,0
DA:23,0
DA:24,0
DA:26,0
DA:27,0
DA:28,0
DA:29,0
DA:31,2
DA:32,2
DA:33,2
DA:35,2
LF:21
LH:11
BRDA:13,0,0,2
BRF:1
BRH:1
end_of_record
TN:
SF:lib/achievement-service.ts
FN:85,calculateStreakDays
FN:144,generateWeeklyTrend
FN:168,calculateProgressFromHistory
FN:223,updateProgressMetrics
FN:279,checkAchievementCondition
FN:301,initializeAchievements
FN:321,checkNewAchievements
FN:355,getEarnedAchievements
FN:363,getAvailableAchievements
FN:373,calculateGoalProgress
FN:406,getWeekStart
FN:418,migrateFromHistory
FN:432,handlePracticeCompleted
FNF:13
FNH:13
FNDA:8,calculateStreakDays
FNDA:4,generateWeeklyTrend
FNDA:4,calculateProgressFromHistory
FNDA:4,updateProgressMetrics
FNDA:5,checkAchievementCondition
FNDA:6,initializeAchievements
FNDA:4,checkNewAchievements
FNDA:1,getEarnedAchievements
FNDA:1,getAvailableAchievements
FNDA:4,calculateGoalProgress
FNDA:4,getWeekStart
FNDA:4,migrateFromHistory
FNDA:2,handlePracticeCompleted
DA:12,1
DA:23,1
DA:24,1
DA:25,1
DA:26,1
DA:27,1
DA:28,1
DA:29,1
DA:30,1
DA:31,1
DA:32,1
DA:33,1
DA:34,1
DA:35,1
DA:36,1
DA:37,1
DA:38,1
DA:39,1
DA:40,1
DA:41,1
DA:42,1
DA:43,1
DA:44,1
DA:45,1
DA:46,1
DA:47,1
DA:48,1
DA:49,1
DA:50,1
DA:51,1
DA:52,1
DA:53,1
DA:54,1
DA:55,1
DA:56,1
DA:57,1
DA:58,1
DA:59,1
DA:60,1
DA:61,1
DA:62,1
DA:63,1
DA:64,1
DA:65,1
DA:66,1
DA:67,1
DA:68,1
DA:69,1
DA:70,1
DA:71,1
DA:72,1
DA:73,1
DA:74,1
DA:75,1
DA:76,1
DA:77,1
DA:78,1
DA:85,8
DA:86,8
DA:87,1
DA:88,1
DA:91,7
DA:92,7
DA:93,7
DA:95,8
DA:96,0
DA:97,0
DA:99,7
DA:100,7
DA:101,7
DA:103,7
DA:104,7
DA:107,8
DA:108,6
DA:110,6
DA:111,0
DA:112,0
DA:113,0
DA:115,0
DA:116,0
DA:117,0
DA:118,0
DA:119,0
DA:120,0
DA:121,6
DA:124,8
DA:125,0
DA:126,0
DA:127,0
DA:129,0
DA:130,0
DA:131,0
DA:132,0
DA:133,0
DA:134,0
DA:135,0
DA:136,7
DA:138,7
DA:139,7
DA:144,4
DA:145,4
DA:146,4
DA:148,4
DA:149,28
DA:150,28
DA:151,28
DA:153,28
DA:154,1421
DA:155,1421
DA:156,28
DA:158,28
DA:159,28
DA:161,28
DA:162,28
DA:168,4
DA:170,4
DA:171,4
DA:173,4
DA:174,4
DA:175,4
DA:178,4
DA:180,1
DA:182,1
DA:183,1
DA:184,1
DA:185,4
DA:187,4
DA:188,4
DA:189,4
DA:190,4
DA:193,4
DA:194,4
DA:195,4
DA:196,2
DA:197,2
DA:199,4
DA:200,4
DA:201,4
DA:203,4
DA:204,3
DA:205,1
DA:207,4
DA:208,4
DA:209,4
DA:210,4
DA:211,4
DA:212,4
DA:213,4
DA:214,4
DA:215,4
DA:216,4
DA:217,4
DA:218,4
DA:223,1
DA:224,4
DA:227,4
DA:228,4
DA:229,4
DA:230,4
DA:231,4
DA:232,4
DA:233,4
DA:234,4
DA:235,4
DA:236,4
DA:237,4
DA:240,4
DA:241,3
DA:242,1
DA:245,4
DA:246,4
DA:247,1
DA:248,4
DA:249,4
DA:250,4
DA:251,4
DA:252,4
DA:253,4
DA:256,4
DA:257,4
DA:259,4
DA:260,1
DA:261,4
DA:262,3
DA:263,3
DA:266,4
DA:267,4
DA:268,4
DA:270,4
DA:271,4
DA:272,4
DA:279,5
DA:280,5
DA:281,5
DA:282,2
DA:284,5
DA:285,1
DA:287,5
DA:288,1
DA:290,5
DA:291,1
DA:293,5
DA:294,0
DA:295,5
DA:296,5
DA:301,1
DA:302,6
DA:305,6
DA:306,1
DA:307,1
DA:309,5
DA:310,45
DA:311,45
DA:312,5
DA:314,5
DA:315,5
DA:316,5
DA:321,1
DA:322,4
DA:323,4
DA:325,4
DA:327,5
DA:328,0
DA:329,0
DA:332,5
DA:334,4
DA:336,4
DA:337,4
DA:338,4
DA:339,4
DA:340,4
DA:341,4
DA:342,5
DA:345,4
DA:346,3
DA:347,3
DA:349,4
DA:350,4
DA:355,1
DA:356,1
DA:357,1
DA:358,1
DA:363,1
DA:364,1
DA:365,1
DA:366,1
DA:373,1
DA:374,4
DA:375,4
DA:378,4
DA:379,4
DA:380,4
DA:381,4
DA:384,4
DA:385,4
DA:387,4
DA:388,4
DA:389,4
DA:390,4
DA:391,4
DA:392,4
DA:393,4
DA:394,4
DA:395,4
DA:396,4
DA:397,4
DA:398,4
DA:399,4
DA:400,4
DA:401,4
DA:406,4
DA:407,4
DA:408,4
DA:409,4
DA:410,4
DA:411,4
DA:418,1
DA:419,4
DA:420,4
DA:422,4
DA:423,4
DA:425,4
DA:426,4
DA:432,1
DA:436,2
DA:437,2
DA:439,2
DA:440,2
DA:443,2
DA:446,2
DA:449,2
DA:450,2
DA:453,2
DA:454,2
DA:456,2
DA:457,0
DA:458,0
DA:460,1
DA:461,1
DA:462,1
DA:463,1
DA:464,1
DA:465,1
DA:466,1
DA:469,1
DA:470,1
DA:472,1
DA:473,1
DA:474,1
DA:475,1
DA:476,1
DA:477,1
DA:478,2
LF:313
LH:287
BRDA:85,0,0,8
BRDA:86,1,0,1
BRDA:88,2,0,7
BRDA:95,3,0,0
BRDA:97,4,0,7
BRDA:107,5,0,1
BRDA:107,6,0,6
BRDA:110,7,0,0
BRDA:121,8,0,7
BRDA:124,9,0,0
BRDA:135,10,0,7
BRDA:92,11,0,209
BRDA:144,12,0,4
BRDA:148,13,0,28
BRDA:153,14,0,1421
BRDA:168,15,0,4
BRDA:178,16,0,1
BRDA:178,17,0,1
BRDA:190,18,0,3
BRDA:190,19,0,1
BRDA:195,20,0,2
BRDA:196,21,0,2
BRDA:197,22,0,1
BRDA:203,23,0,3
BRDA:204,24,0,1
BRDA:188,25,0,203
BRDA:189,26,0,203
BRDA:193,27,0,203
BRDA:193,28,0,0
BRDA:199,29,0,203
BRDA:204,30,0,200
BRDA:223,31,0,4
BRDA:240,32,0,3
BRDA:241,33,0,1
BRDA:259,34,0,1
BRDA:261,35,0,3
BRDA:246,36,0,1
BRDA:257,37,0,1
BRDA:279,38,0,5
BRDA:281,39,0,2
BRDA:284,40,0,1
BRDA:285,41,0,0
BRDA:287,42,0,1
BRDA:290,43,0,1
BRDA:293,44,0,0
BRDA:301,45,0,6
BRDA:305,46,0,1
BRDA:307,47,0,5
BRDA:309,48,0,45
BRDA:321,49,0,4
BRDA:325,50,0,5
BRDA:327,51,0,0
BRDA:332,52,0,4
BRDA:345,53,0,3
BRDA:355,54,0,1
BRDA:357,55,0,2
BRDA:363,56,0,1
BRDA:365,57,0,2
BRDA:373,58,0,4
BRDA:379,59,0,0
BRDA:392,60,0,1
BRDA:392,61,0,3
BRDA:398,62,0,1
BRDA:398,63,0,3
BRDA:378,64,0,4
BRDA:384,65,0,4
BRDA:385,66,0,4
BRDA:406,67,0,4
BRDA:409,68,0,0
BRDA:418,69,0,4
BRDA:432,70,0,2
BRDA:456,71,0,0
BRDA:458,72,0,1
BRF:73
BRH:63
end_of_record
TN:
SF:lib/focus-metrics.ts
FN:24,createEmptyStat
FN:33,getDefaultStats
FN:40,getDefaultRecommendations
FN:50,parseExerciseData
FN:60,roundAccuracy
FN:64,updateTrend
FN:75,computeFocusStats
FN:130,selectRecommendedFocusAreas
FNF:8
FNH:8
FNDA:110,createEmptyStat
FNDA:11,getDefaultStats
FNDA:1,getDefaultRecommendations
FNDA:11,parseExerciseData
FNDA:5,roundAccuracy
FNDA:80,updateTrend
FNDA:8,computeFocusStats
FNDA:3,selectRecommendedFocusAreas
DA:1,1
DA:24,110
DA:25,110
DA:26,110
DA:27,110
DA:28,110
DA:29,110
DA:30,110
DA:31,110
DA:33,1
DA:34,11
DA:35,110
DA:36,110
DA:37,11
DA:38,11
DA:40,1
DA:42,1
DA:43,1
DA:50,11
DA:51,11
DA:52,10
DA:53,10
DA:54,11
DA:55,1
DA:56,1
DA:57,1
DA:58,11
DA:60,5
DA:61,5
DA:62,5
DA:64,80
DA:65,80
DA:66,80
DA:67,80
DA:68,80
DA:69,5
DA:70,80
DA:71,80
DA:72,2
DA:73,2
DA:75,1
DA:76,8
DA:77,8
DA:78,8
DA:79,8
DA:82,8
DA:83,8
DA:84,80
DA:85,80
DA:86,80
DA:87,8
DA:88,8
DA:90,8
DA:91,11
DA:92,11
DA:93,11
DA:94,3
DA:96,11
DA:97,2
DA:98,2
DA:100,9
DA:101,9
DA:102,9
DA:103,9
DA:104,9
DA:105,9
DA:106,8
DA:108,8
DA:109,1
DA:110,1
DA:111,1
DA:112,1
DA:113,1
DA:114,1
DA:115,1
DA:116,8
DA:118,8
DA:119,80
DA:120,80
DA:121,80
DA:123,80
DA:124,80
DA:125,8
DA:127,8
DA:128,8
DA:130,1
DA:131,3
DA:132,3
DA:133,3
DA:134,3
DA:135,30
DA:136,30
DA:137,30
DA:138,30
DA:139,30
DA:140,30
DA:141,30
DA:142,3
DA:144,3
DA:145,3
DA:146,3
LF:101
LH:101
BRDA:24,0,0,110
BRDA:33,1,0,11
BRDA:34,2,0,110
BRDA:40,3,0,1
BRDA:50,4,0,11
BRDA:51,5,0,1
BRDA:51,6,0,10
BRDA:54,7,0,1
BRDA:60,8,0,5
BRDA:64,9,0,80
BRDA:68,10,0,75
BRDA:68,11,0,5
BRDA:70,12,0,2
BRDA:70,13,0,3
BRDA:71,14,0,1
BRDA:71,15,0,2
BRDA:75,16,0,8
BRDA:83,17,0,80
BRDA:90,18,0,11
BRDA:93,19,0,9
BRDA:93,20,0,3
BRDA:94,21,0,1
BRDA:94,22,0,1
BRDA:96,23,0,9
BRDA:96,24,0,2
BRDA:98,25,0,9
BRDA:94,26,0,1
BRDA:94,27,0,0
BRDA:100,28,0,9
BRDA:101,29,0,0
BRDA:108,30,0,1
BRDA:109,31,0,0
BRDA:110,32,0,1
BRDA:111,33,0,0
BRDA:118,34,0,80
BRDA:121,35,0,5
BRDA:121,36,0,75
BRDA:130,37,0,3
BRDA:134,38,0,30
BRDA:135,39,0,0
BRDA:136,40,0,25
BRDA:136,41,0,5
BRDA:137,42,0,0
BRDA:137,43,0,5
BRDA:138,44,0,2
BRDA:138,45,0,3
BRDA:138,46,0,0
BRDA:139,47,0,1
BRDA:139,48,0,4
BRDA:144,49,0,2
BRDA:145,50,0,5
BRF:51
BRH:44
end_of_record
TN:
SF:lib/storage.ts
FN:12,saveToHistory
FN:28,getHistory
FN:38,clearHistory
FN:49,getDefaultProgressMetrics
FN:64,getDefaultGoalSettings
FN:73,saveProgressMetrics
FN:77,attemptSave
FN:113,getProgressMetrics
FN:138,validateAndFixProgressMetrics
FN:190,saveGoalSettings
FN:198,getGoalSettings
FN:216,saveAchievements
FN:226,getAchievements
FN:237,markAchievementEarned
FN:251,clearAchievementData
FN:262,isStorageAvailable
FN:274,convertExerciseToSessionData
FN:318,readAllNotes
FN:330,writeAllNotes
FN:338,getPracticeNote
FN:349,savePracticeNote
FN:377,deletePracticeNote
FNF:22
FNH:22
FNDA:12,saveToHistory
FNDA:14,getHistory
FNDA:29,clearHistory
FNDA:10,getDefaultProgressMetrics
FNDA:2,getDefaultGoalSettings
FNDA:5,saveProgressMetrics
FNDA:10,attemptSave
FNDA:5,getProgressMetrics
FNDA:5,validateAndFixProgressMetrics
FNDA:1,saveGoalSettings
FNDA:2,getGoalSettings
FNDA:3,saveAchievements
FNDA:4,getAchievements
FNDA:1,markAchievementEarned
FNDA:1,clearAchievementData
FNDA:3,isStorageAvailable
FNDA:3,convertExerciseToSessionData
FNDA:115,readAllNotes
FNDA:106,writeAllNotes
FNDA:7,getPracticeNote
FNDA:106,savePracticeNote
FNDA:3,deletePracticeNote
DA:3,1
DA:4,1
DA:5,1
DA:6,1
DA:7,1
DA:8,1
DA:12,1
DA:13,12
DA:14,12
DA:17,12
DA:20,12
DA:22,12
DA:23,12
DA:24,1
DA:25,1
DA:26,12
DA:28,1
DA:29,14
DA:30,14
DA:31,14
DA:32,14
DA:33,2
DA:34,2
DA:35,2
DA:36,14
DA:38,1
DA:39,29
DA:40,29
DA:41,29
DA:42,1
DA:43,1
DA:44,29
DA:49,10
DA:50,10
DA:51,10
DA:52,10
DA:53,10
DA:54,10
DA:55,10
DA:56,10
DA:57,10
DA:58,10
DA:59,10
DA:60,10
DA:61,10
DA:64,2
DA:65,2
DA:66,2
DA:67,2
DA:68,2
DA:69,2
DA:70,2
DA:73,1
DA:74,5
DA:75,5
DA:77,5
DA:78,10
DA:80,10
DA:81,3
DA:82,3
DA:84,7
DA:87,10
DA:88,1
DA:89,1
DA:90,1
DA:91,1
DA:92,1
DA:93,1
DA:94,10
DA:95,6
DA:96,6
DA:97,10
DA:98,7
DA:99,7
DA:101,7
DA:103,5
DA:104,7
DA:105,2
DA:106,2
DA:107,7
DA:108,10
DA:110,5
DA:111,5
DA:113,1
DA:114,5
DA:115,5
DA:116,5
DA:117,5
DA:120,5
DA:123,5
DA:124,5
DA:125,5
DA:126,5
DA:127,5
DA:128,0
DA:129,0
DA:130,0
DA:133,0
DA:134,0
DA:135,5
DA:138,5
DA:140,5
DA:141,0
DA:142,0
DA:143,0
DA:145,5
DA:146,5
DA:149,5
DA:150,5
DA:151,5
DA:152,5
DA:153,5
DA:154,5
DA:155,5
DA:156,5
DA:157,5
DA:159,5
DA:160,35
DA:161,35
DA:162,7
DA:163,7
DA:164,35
DA:165,6
DA:166,6
DA:167,6
DA:168,5
DA:171,5
DA:172,2
DA:173,2
DA:174,5
DA:176,3
DA:177,3
DA:180,5
DA:181,5
DA:182,1
DA:183,1
DA:184,1
DA:186,5
DA:187,5
DA:190,1
DA:191,1
DA:192,1
DA:193,1
DA:194,0
DA:195,0
DA:196,1
DA:198,1
DA:199,2
DA:200,2
DA:201,2
DA:202,2
DA:203,2
DA:204,2
DA:205,2
DA:206,2
DA:207,2
DA:208,0
DA:209,2
DA:210,1
DA:211,1
DA:212,1
DA:213,2
DA:216,1
DA:217,3
DA:219,3
DA:220,3
DA:221,3
DA:222,0
DA:223,0
DA:224,3
DA:226,1
DA:227,4
DA:228,4
DA:229,4
DA:230,4
DA:231,1
DA:232,1
DA:233,1
DA:234,4
DA:237,1
DA:238,1
DA:239,1
DA:240,1
DA:241,1
DA:242,1
DA:243,1
DA:244,1
DA:245,1
DA:246,0
DA:247,0
DA:248,1
DA:251,1
DA:252,1
DA:253,1
DA:254,1
DA:255,1
DA:256,1
DA:257,0
DA:258,0
DA:259,1
DA:262,1
DA:263,3
DA:264,3
DA:265,3
DA:266,3
DA:267,3
DA:268,3
DA:269,2
DA:270,2
DA:271,3
DA:274,1
DA:275,3
DA:276,3
DA:279,3
DA:282,3
DA:283,1
DA:284,3
DA:286,2
DA:287,2
DA:288,2
DA:291,2
DA:292,1
DA:293,1
DA:295,1
DA:296,1
DA:297,1
DA:298,1
DA:299,2
DA:301,3
DA:302,3
DA:303,3
DA:304,3
DA:305,3
DA:306,3
DA:307,3
DA:308,3
DA:309,3
DA:310,3
DA:311,3
DA:312,3
DA:315,1
DA:316,1
DA:318,115
DA:319,115
DA:320,115
DA:321,115
DA:322,108
DA:323,115
DA:324,115
DA:325,0
DA:326,0
DA:327,0
DA:328,115
DA:330,106
DA:331,106
DA:332,106
DA:333,106
DA:334,0
DA:335,0
DA:336,106
DA:338,1
DA:339,7
DA:340,7
DA:341,7
DA:342,7
DA:343,7
DA:344,1
DA:345,1
DA:346,1
DA:347,7
DA:349,1
DA:350,106
DA:351,106
DA:352,106
DA:353,1
DA:354,1
DA:355,1
DA:357,105
DA:358,105
DA:359,105
DA:360,106
DA:361,1
DA:362,106
DA:363,103
DA:364,103
DA:366,1
DA:367,1
DA:368,103
DA:369,104
DA:370,104
DA:371,106
DA:372,1
DA:373,1
DA:374,1
DA:375,106
DA:377,1
DA:378,3
DA:379,3
DA:380,3
DA:381,3
DA:382,3
DA:383,3
DA:384,1
DA:385,1
DA:386,1
DA:387,3
LF:306
LH:284
BRDA:12,0,0,12
BRDA:23,1,0,1
BRDA:28,2,0,14
BRDA:31,3,0,11
BRDA:31,4,0,1
BRDA:32,5,0,2
BRDA:38,6,0,29
BRDA:41,7,0,1
BRDA:49,8,0,10
BRDA:64,9,0,2
BRDA:73,10,0,5
BRDA:77,11,0,10
BRDA:80,12,0,3
BRDA:82,13,0,7
BRDA:87,14,0,1
BRDA:94,15,0,6
BRDA:97,16,0,7
BRDA:101,17,0,5
BRDA:104,18,0,2
BRDA:113,19,0,5
BRDA:127,20,0,0
BRDA:138,21,0,5
BRDA:140,22,0,0
BRDA:171,23,0,2
BRDA:174,24,0,3
BRDA:181,25,0,1
BRDA:159,26,0,35
BRDA:161,27,0,28
BRDA:161,28,0,7
BRDA:164,29,0,28
BRDA:164,30,0,6
BRDA:190,31,0,1
BRDA:193,32,0,0
BRDA:198,33,0,2
BRDA:207,34,0,0
BRDA:209,35,0,1
BRDA:216,36,0,3
BRDA:221,37,0,0
BRDA:226,38,0,4
BRDA:229,39,0,0
BRDA:230,40,0,1
BRDA:237,41,0,1
BRDA:245,42,0,0
BRDA:240,43,0,1
BRDA:251,44,0,1
BRDA:256,45,0,0
BRDA:262,46,0,3
BRDA:268,47,0,2
BRDA:274,48,0,3
BRDA:282,49,0,1
BRDA:282,50,0,1
BRDA:284,51,0,2
BRDA:291,52,0,1
BRDA:275,53,0,3
BRDA:318,54,0,115
BRDA:321,55,0,7
BRDA:321,56,0,108
BRDA:323,57,0,107
BRDA:323,58,0,1
BRDA:324,59,0,0
BRDA:330,60,0,106
BRDA:333,61,0,0
BRDA:338,62,0,7
BRDA:342,63,0,3
BRDA:342,64,0,3
BRDA:343,65,0,1
BRDA:341,66,0,3
BRDA:349,67,0,106
BRDA:351,68,0,1
BRDA:351,69,0,0
BRDA:352,70,0,1
BRDA:355,71,0,105
BRDA:360,72,0,1
BRDA:362,73,0,103
BRDA:364,74,0,1
BRDA:368,75,0,104
BRDA:371,76,0,1
BRDA:359,77,0,5051
BRDA:377,78,0,3
BRDA:383,79,0,1
BRDA:380,80,0,1
BRF:81
BRH:70
end_of_record
TN:
SF:lib/together-tts-service.ts
FN:43,TogetherTtsError
FN:58,resolveTogetherProxyUrl
FN:73,getProxyAgent
FN:81,getTogetherConfig
FN:88,isAcceptableWavContentType
FN:98,assertWavBytes
FN:107,fetchTogetherWavBytes
FN:128,buffer
FN:161,headerValue
FN:194,resolveAudioDir
FN:198,buildTtsFilename
FN:203,generateTogetherTtsAudio
FN:218,attempt
FN:269,runTogetherTtsHealthProbe
FN:308,getTogetherProxyStatus
FN:318,isTogetherTtsError
FNF:16
FNH:14
FNDA:2,TogetherTtsError
FNDA:5,resolveTogetherProxyUrl
FNDA:1,getProxyAgent
FNDA:9,getTogetherConfig
FNDA:4,isAcceptableWavContentType
FNDA:3,assertWavBytes
FNDA:5,fetchTogetherWavBytes
FNDA:5,buffer
FNDA:15,headerValue
FNDA:3,resolveAudioDir
FNDA:3,buildTtsFilename
FNDA:3,generateTogetherTtsAudio
FNDA:4,attempt
FNDA:1,runTogetherTtsHealthProbe
FNDA:0,getTogetherProxyStatus
FNDA:0,isTogetherTtsError
DA:1,1
DA:3,1
DA:4,1
DA:5,1
DA:6,1
DA:7,1
DA:9,1
DA:11,1
DA:12,1
DA:13,1
DA:39,1
DA:43,1
DA:44,2
DA:45,2
DA:46,2
DA:47,2
DA:48,2
DA:49,1
DA:51,1
DA:58,5
DA:59,5
DA:60,5
DA:61,5
DA:62,5
DA:63,5
DA:64,5
DA:66,5
DA:67,17
DA:68,17
DA:69,17
DA:70,4
DA:71,4
DA:73,1
DA:74,1
DA:75,1
DA:76,1
DA:77,1
DA:78,1
DA:79,1
DA:81,9
DA:82,9
DA:83,9
DA:84,9
DA:85,9
DA:86,9
DA:88,4
DA:89,4
DA:90,4
DA:91,4
DA:92,4
DA:93,2
DA:94,2
DA:96,4
DA:98,3
DA:99,3
DA:100,0
DA:101,0
DA:102,3
DA:103,0
DA:104,0
DA:105,3
DA:107,5
DA:111,5
DA:112,5
DA:113,5
DA:114,0
DA:115,0
DA:117,5
DA:118,5
DA:119,5
DA:120,5
DA:121,5
DA:123,5
DA:128,5
DA:129,5
DA:130,5
DA:131,5
DA:132,5
DA:133,5
DA:134,5
DA:135,5
DA:136,5
DA:137,5
DA:138,5
DA:139,5
DA:140,5
DA:141,5
DA:142,5
DA:143,5
DA:144,5
DA:145,5
DA:146,5
DA:147,5
DA:148,5
DA:149,5
DA:150,5
DA:151,5
DA:152,5
DA:153,5
DA:154,5
DA:156,5
DA:157,5
DA:158,5
DA:159,5
DA:161,5
DA:162,15
DA:163,15
DA:164,15
DA:165,15
DA:167,5
DA:168,5
DA:170,5
DA:171,1
DA:172,1
DA:173,1
DA:174,1
DA:175,1
DA:176,1
DA:178,5
DA:179,1
DA:180,1
DA:181,1
DA:182,1
DA:183,1
DA:185,3
DA:186,5
DA:187,2
DA:188,2
DA:189,2
DA:190,2
DA:191,2
DA:192,5
DA:194,3
DA:195,3
DA:196,3
DA:198,3
DA:199,3
DA:200,3
DA:201,3
DA:203,3
DA:207,3
DA:208,3
DA:210,3
DA:211,3
DA:212,0
DA:213,0
DA:215,3
DA:216,3
DA:218,3
DA:219,4
DA:220,4
DA:221,4
DA:222,4
DA:223,4
DA:224,4
DA:225,4
DA:226,4
DA:227,2
DA:228,2
DA:229,4
DA:231,3
DA:232,3
DA:233,3
DA:234,3
DA:235,1
DA:236,1
DA:237,3
DA:238,2
DA:239,2
DA:240,2
DA:241,1
DA:243,2
DA:244,1
DA:245,1
DA:246,1
DA:247,1
DA:248,1
DA:249,1
DA:251,2
DA:252,2
DA:254,2
DA:255,2
DA:256,2
DA:258,2
DA:259,2
DA:260,2
DA:261,2
DA:262,2
DA:263,2
DA:264,2
DA:265,2
DA:266,2
DA:267,2
DA:269,1
DA:273,1
DA:274,1
DA:275,1
DA:277,1
DA:278,1
DA:280,1
DA:281,1
DA:283,1
DA:284,1
DA:285,1
DA:286,1
DA:287,1
DA:288,1
DA:289,1
DA:290,1
DA:291,1
DA:293,1
DA:294,1
DA:295,1
DA:296,1
DA:297,1
DA:298,0
DA:299,1
DA:300,1
DA:301,1
DA:302,1
DA:304,0
DA:305,1
DA:306,1
DA:308,1
DA:309,0
DA:310,0
DA:311,0
DA:312,0
DA:313,0
DA:314,0
DA:315,0
DA:316,0
DA:318,1
DA:319,0
DA:320,0
LF:235
LH:215
BRDA:43,0,0,2
BRDA:58,1,0,5
BRDA:66,2,0,17
BRDA:67,3,0,1
BRDA:68,4,0,1
BRDA:69,5,0,4
BRDA:73,6,0,1
BRDA:74,7,0,0
BRDA:81,8,0,9
BRDA:83,9,0,2
BRDA:83,10,0,7
BRDA:84,11,0,2
BRDA:84,12,0,7
BRDA:88,13,0,4
BRDA:89,14,0,0
BRDA:90,15,0,0
BRDA:92,16,0,2
BRDA:93,17,0,2
BRDA:98,18,0,3
BRDA:99,19,0,0
BRDA:102,20,0,0
BRDA:107,21,0,5
BRDA:113,22,0,0
BRDA:121,23,0,1
BRDA:121,24,0,4
BRDA:170,25,0,1
BRDA:173,26,0,0
BRDA:173,27,0,0
BRDA:176,28,0,4
BRDA:178,29,0,1
BRDA:179,30,0,0
BRDA:183,31,0,3
BRDA:186,32,0,2
BRDA:187,33,0,0
BRDA:128,34,0,5
BRDA:142,35,0,5
BRDA:144,36,0,5
BRDA:144,37,0,0
BRDA:145,38,0,5
BRDA:147,39,0,0
BRDA:148,40,0,0
BRDA:161,41,0,15
BRDA:163,42,0,10
BRDA:163,43,0,5
BRDA:164,44,0,0
BRDA:164,45,0,5
BRDA:194,46,0,3
BRDA:198,47,0,3
BRDA:203,48,0,3
BRDA:210,49,0,0
BRDA:211,50,0,0
BRDA:215,51,0,0
BRDA:216,52,0,0
BRDA:234,53,0,1
BRDA:237,54,0,2
BRDA:238,55,0,0
BRDA:240,56,0,1
BRDA:243,57,0,1
BRDA:243,58,0,1
BRDA:218,59,0,4
BRDA:226,60,0,2
BRDA:269,61,0,1
BRDA:275,62,0,0
BRDA:297,63,0,0
BRDA:302,64,0,0
BRF:65
BRH:43
end_of_record
